#
# A fatal error has been detected by the Java Runtime Environment:
#
#  SIGSEGV (0xb) at pc=0x00007f2308ec1550, pid=19826, tid=139788037420800
#
# JRE version: Java(TM) SE Runtime Environment (8.0_74-b02) (build 1.8.0_74-b02)
# Java VM: Java HotSpot(TM) 64-Bit Server VM (25.74-b02 mixed mode linux-amd64 compressed oops)
# Problematic frame:
# V  [libjvm.so+0x8a6550]  Method::checked_resolve_jmethod_id(_jmethodID*)+0x20
#
# Failed to write core dump. Core dumps have been disabled. To enable core dumping, try "ulimit -c unlimited" before starting Java again
#
# If you would like to submit a bug report, please visit:
#   http://bugreport.java.com/bugreport/crash.jsp
#

---------------  T H R E A D  ---------------

Current thread (0x00007f23040cf800):  JavaThread "JDWP Transport Listener: dt_socket" daemon [_thread_in_vm, id=19844, stack(0x00007f22f0407000,0x00007f22f0508000)]

siginfo: si_signo: 11 (SIGSEGV), si_code: 128 (SI_KERNEL), si_addr: 0x0000000000000000

Registers:
RAX=0x0000000000000001, RBX=0x00007f230400a040, RCX=0x00007f2309ff3320, RDX=0x00007f23095d07a0
RSP=0x00007f22f0506910, RBP=0x00007f22f0506920, RSI=0x00007f23040cf800, RDI=0x6e003b7972003b72
R8 =0x0000000000000000, R9 =0x00007f22c401f910, R10=0x0000000000000030, R11=0x00007f2309782c70
R12=0x0000000000000017, R13=0x6e003b7972003b72, R14=0x00007f23040cf800, R15=0x00007f22f0506a27
RIP=0x00007f2308ec1550, EFLAGS=0x0000000000010206, CSGSFS=0x0000000000000033, ERR=0x0000000000000000
  TRAPNO=0x000000000000000d

Top of Stack: (sp=0x00007f22f0506910)
0x00007f22f0506910:   0000000000000074 00007f230400a040
0x00007f22f0506920:   00007f22f0506990 00007f2308d51cae
0x00007f22f0506930:   0000000000000073 00007f22f0506940
0x00007f22f0506940:   00007f23040cf800 0000000000000000
0x00007f22f0506950:   00007f2200000000 0000000000000000
0x00007f22f0506960:   00007f22f0506980 00007f2303bc4e40
0x00007f22f0506970:   6e003b7972003b72 00007f22f0506a27
0x00007f22f0506980:   0000000000000009 00007f22f0506a27
0x00007f22f0506990:   00007f22f05069c0 00007f23039b08c2
0x00007f22f05069a0:   00007f22f05069c0 6e003b7972003b72
0x00007f22f05069b0:   00007f22f0506a90 0000000000000048
0x00007f22f05069c0:   00007f22f0506a50 00007f2303991aa0
0x00007f22f05069d0:   00007f22f0506a08 00007f22f0506a00
0x00007f22f05069e0:   00007f22f05069f8 00007f22f0506a1c
0x00007f22f05069f0:   00000001c4002fc0 0000000000000000
0x00007f22f0506a00:   0000000000000000 0000000000000000
0x00007f22f0506a10:   00007f22c403a620 f000100af0506a90
0x00007f22f0506a20:   010000000000000a 0000000000000002
0x00007f22f0506a30:   000000000000000f 0000000000000002
0x00007f22f0506a40:   00000000000f0200 000000000000000f
0x00007f22f0506a50:   00007f22f0506ca0 00007f230399c9c6
0x00007f22f0506a60:   0000037900000013 00007f23080f0200
0x00007f22f0506a70:   00007f22bc000fb0 0000000000000000
0x00007f22f0506a80:   00007f22f0506a90 00007f22f0506c20
0x00007f22f0506a90:   00007f22c401a6cf 00007f2300000039
0x00007f22f0506aa0:   00007f22c401a710 000000000000012c
0x00007f22f0506ab0:   00007f22f0506ae0 00007f22c401a710
0x00007f22f0506ac0:   00007f0000000000 000003790000001c
0x00007f22f0506ad0:   00007f2200006c80 00007f22f0506ae0
0x00007f22f0506ae0:   227f00000a000000 06000000c05b00c4
0x00007f22f0506af0:   00006c6c41746567 76616a4c29281200
0x00007f22f0506b00:   4c2f6c6974752f61 3b0000003b747369 

Instructions: (pc=0x00007f2308ec1550)
0x00007f2308ec1530:   55 48 89 e5 53 48 83 ec 08 48 85 ff 75 12 31 db
0x00007f2308ec1540:   48 89 d8 48 83 c4 08 5b c9 c3 66 0f 1f 44 00 00
0x00007f2308ec1550:   48 8b 1f 48 85 db 74 e6 48 83 fb 37 74 e0 48 8b
0x00007f2308ec1560:   03 48 89 df ff 50 10 84 c0 0f 1f 80 00 00 00 00 

Register to memory mapping:

RAX=0x0000000000000001 is an unknown value
RBX=0x00007f230400a040 is an unknown value
RCX=0x00007f2309ff3320: <offset 0x219320> in /lib/x86_64-linux-gnu/libpthread.so.0 at 0x00007f2309dda000
RDX=0x00007f23095d07a0: <offset 0xfb57a0> in /usr/lib/jvm/java-8-oracle/jre/lib/amd64/server/libjvm.so at 0x00007f230861b000
RSP=0x00007f22f0506910 is pointing into the stack for thread: 0x00007f23040cf800
RBP=0x00007f22f0506920 is pointing into the stack for thread: 0x00007f23040cf800
RSI=0x00007f23040cf800 is a thread
RDI=0x6e003b7972003b72 is an unknown value
R8 =0x0000000000000000 is an unknown value
R9 =0x00007f22c401f910 is an unknown value
R10=0x0000000000000030 is an unknown value
R11=0x00007f2309782c70: <offset 0x187c70> in /lib/x86_64-linux-gnu/libc.so.6 at 0x00007f23095fb000
R12=0x0000000000000017 is an unknown value
R13=0x6e003b7972003b72 is an unknown value
R14=0x00007f23040cf800 is a thread
R15=0x00007f22f0506a27 is pointing into the stack for thread: 0x00007f23040cf800


Stack: [0x00007f22f0407000,0x00007f22f0508000],  sp=0x00007f22f0506910,  free space=1022k
Native frames: (J=compiled Java code, j=interpreted, Vv=VM code, C=native code)
V  [libjvm.so+0x8a6550]  Method::checked_resolve_jmethod_id(_jmethodID*)+0x20
V  [libjvm.so+0x736cae]  jvmti_IsMethodSynthetic+0x2be
C  [libjdwp.so+0x258c2]  isMethodSynthetic+0x42
C  [libjdwp.so+0x6aa0]  methods1+0x1b0
C  [libjdwp.so+0x119c6]  debugLoop_run+0x2b6
C  [libjdwp.so+0x247ff]  attachThread+0x2f
V  [libjvm.so+0x7a3432]  JvmtiAgentThread::call_start_function()+0xc2
V  [libjvm.so+0xa69dcf]  JavaThread::thread_main_inner()+0xdf
V  [libjvm.so+0xa69efc]  JavaThread::run()+0x11c
V  [libjvm.so+0x91d9d8]  java_start(Thread*)+0x108
C  [libpthread.so.0+0x8182]  start_thread+0xc2


---------------  P R O C E S S  ---------------

Java Threads: ( => current thread )
  0x00007f2288014800 JavaThread "http-nio-8080-exec-10" daemon [_thread_blocked, id=19888, stack(0x00007f22873f8000,0x00007f22874f9000)]
  0x00007f22a41b4000 JavaThread "http-nio-8080-exec-9" daemon [_thread_blocked, id=19887, stack(0x00007f22874f9000,0x00007f22875fa000)]
  0x00007f2288011800 JavaThread "http-nio-8080-exec-8" daemon [_thread_blocked, id=19886, stack(0x00007f22875fa000,0x00007f22876fb000)]
  0x00007f22a41b3000 JavaThread "http-nio-8080-exec-7" daemon [_thread_blocked, id=19885, stack(0x00007f22876fb000,0x00007f22877fc000)]
  0x00007f22a41b2800 JavaThread "http-nio-8080-exec-5" daemon [_thread_blocked, id=19884, stack(0x00007f22877fc000,0x00007f22878fd000)]
  0x00007f2288010000 JavaThread "http-nio-8080-exec-6" daemon [_thread_blocked, id=19883, stack(0x00007f22878fd000,0x00007f22879fe000)]
  0x00007f228800e000 JavaThread "http-nio-8080-exec-4" daemon [_thread_blocked, id=19882, stack(0x00007f22879fe000,0x00007f2287aff000)]
  0x00007f22a41ae800 JavaThread "http-nio-8080-exec-3" daemon [_thread_blocked, id=19881, stack(0x00007f2287aff000,0x00007f2287c00000)]
  0x00007f228800c800 JavaThread "http-nio-8080-exec-2" daemon [_thread_blocked, id=19880, stack(0x00007f22b0539000,0x00007f22b063a000)]
  0x00007f228800b800 JavaThread "http-nio-8080-exec-1" daemon [_thread_blocked, id=19879, stack(0x00007f22b063a000,0x00007f22b073b000)]
  0x00007f2304013800 JavaThread "DestroyJavaVM" [_thread_blocked, id=19831, stack(0x00007f230a0fa000,0x00007f230a1fb000)]
  0x00007f23050eb000 JavaThread "http-nio-8080-Acceptor-0" daemon [_thread_in_native, id=19873, stack(0x00007f22b073b000,0x00007f22b083c000)]
  0x00007f2304c77800 JavaThread "http-nio-8080-ClientPoller-1" daemon [_thread_in_native, id=19872, stack(0x00007f22b083c000,0x00007f22b093d000)]
  0x00007f2304c76800 JavaThread "http-nio-8080-ClientPoller-0" daemon [_thread_in_native, id=19871, stack(0x00007f22b23e4000,0x00007f22b24e5000)]
  0x00007f2305c75800 JavaThread "NioBlockingSelector.BlockPoller-1" daemon [_thread_in_native, id=19870, stack(0x00007f22b24e5000,0x00007f22b25e6000)]
  0x00007f2305eac000 JavaThread "Abandoned connection cleanup thread" daemon [_thread_blocked, id=19860, stack(0x00007f22b1be0000,0x00007f22b1ce1000)]
  0x00007f2305ea8000 JavaThread "Tomcat JDBC Pool Cleaner[414493378:1458550968387]" daemon [_thread_blocked, id=19859, stack(0x00007f22b1ce1000,0x00007f22b1de2000)]
  0x00007f230540d000 JavaThread "container-0" [_thread_blocked, id=19858, stack(0x00007f22b1de2000,0x00007f22b1ee3000)]
  0x00007f22a41ad800 JavaThread "ContainerBackgroundProcessor[StandardEngine[Tomcat].StandardHost[localhost].StandardContext[/dondeEs]]" daemon [_thread_blocked, id=19857, stack(0x00007f22b1ee3000,0x00007f22b1fe4000)]
  0x00007f23040dd000 JavaThread "Service Thread" daemon [_thread_blocked, id=19853, stack(0x00007f22e803e000,0x00007f22e813f000)]
  0x00007f23040da000 JavaThread "C1 CompilerThread2" daemon [_thread_blocked, id=19852, stack(0x00007f22e813f000,0x00007f22e8240000)]
  0x00007f23040d8000 JavaThread "C2 CompilerThread1" daemon [_thread_blocked, id=19851, stack(0x00007f22f0003000,0x00007f22f0104000)]
  0x00007f23040d5000 JavaThread "C2 CompilerThread0" daemon [_thread_blocked, id=19850, stack(0x00007f22f0104000,0x00007f22f0205000)]
  0x00007f22c4001000 JavaThread "JDWP Command Reader" daemon [_thread_in_native, id=19846, stack(0x00007f22f0205000,0x00007f22f0306000)]
  0x00007f23040d3000 JavaThread "JDWP Event Helper Thread" daemon [_thread_blocked, id=19845, stack(0x00007f22f0306000,0x00007f22f0407000)]
=>0x00007f23040cf800 JavaThread "JDWP Transport Listener: dt_socket" daemon [_thread_in_vm, id=19844, stack(0x00007f22f0407000,0x00007f22f0508000)]
  0x00007f23040bf800 JavaThread "Signal Dispatcher" daemon [_thread_blocked, id=19841, stack(0x00007f22f070c000,0x00007f22f080d000)]
  0x00007f230408e000 JavaThread "Finalizer" daemon [_thread_blocked, id=19839, stack(0x00007f22f080d000,0x00007f22f090e000)]
  0x00007f2304089800 JavaThread "Reference Handler" daemon [_thread_blocked, id=19838, stack(0x00007f22f090e000,0x00007f22f0a0f000)]

Other Threads:
  0x00007f2304081800 VMThread [stack: 0x00007f22f0a0f000,0x00007f22f0b10000] [id=19837]
  0x00007f23040e0800 WatcherThread [stack: 0x00007f22b3eff000,0x00007f22b4000000] [id=19854]

VM state:not at safepoint (normal execution)

VM Mutex/Monitor currently owned by a thread: None

Heap:
 PSYoungGen      total 578560K, used 209065K [0x00000000d6d80000, 0x00000000ffc00000, 0x0000000100000000)
  eden space 559616K, 37% used [0x00000000d6d80000,0x00000000e39aa7f8,0x00000000f9000000)
  from space 18944K, 0% used [0x00000000f9000000,0x00000000f9000000,0x00000000fa280000)
  to   space 20480K, 0% used [0x00000000fe800000,0x00000000fe800000,0x00000000ffc00000)
 ParOldGen       total 151552K, used 56077K [0x0000000084800000, 0x000000008dc00000, 0x00000000d6d80000)
  object space 151552K, 37% used [0x0000000084800000,0x0000000087ec3680,0x000000008dc00000)
 Metaspace       used 65959K, capacity 67350K, committed 67416K, reserved 1107968K
  class space    used 7779K, capacity 8032K, committed 8064K, reserved 1048576K

Card table byte_map: [0x00007f22f2eb2000,0x00007f22f328f000] byte_map_base: 0x00007f22f2a8e000

Marking Bits: (ParMarkBitMap*) 0x00007f23095d0260
 Begin Bits: [0x00007f22e8240000, 0x00007f22ea120000)
 End Bits:   [0x00007f22ea120000, 0x00007f22ec000000)

Polling page: 0x00007f230a217000

CodeCache: size=245760Kb used=27483Kb max_used=27515Kb free=218276Kb
 bounds [0x00007f22f364f000, 0x00007f22f515f000, 0x00007f230264f000]
 total_blobs=8348 nmethods=7750 adapters=518
 compilation: enabled

Compilation events (10 events):
Event: 1282,276 Thread 0x00007f23040da000 9814       3       org.apache.catalina.connector.OutputBuffer::isBlocking (16 bytes)
Event: 1282,276 Thread 0x00007f23040da000 nmethod 9814 0x00007f22f513bad0 code [0x00007f22f513bc40, 0x00007f22f513be90]
Event: 1282,295 Thread 0x00007f23040d8000 nmethod 9810 0x00007f22f5143b50 code [0x00007f22f5143ce0, 0x00007f22f5144788]
Event: 1282,481 Thread 0x00007f23040d5000 nmethod 9803 0x00007f22f514ca50 code [0x00007f22f514d040, 0x00007f22f5153580]
Event: 1286,086 Thread 0x00007f23040da000 9815       3       java.util.TaskQueue::rescheduleMin (16 bytes)
Event: 1286,086 Thread 0x00007f23040da000 nmethod 9815 0x00007f22f5135c90 code [0x00007f22f5135e00, 0x00007f22f5135fc8]
Event: 1286,086 Thread 0x00007f23040da000 9816       3       java.util.TaskQueue::fixDown (108 bytes)
Event: 1286,086 Thread 0x00007f23040da000 nmethod 9816 0x00007f22f5143010 code [0x00007f22f51431c0, 0x00007f22f51437f0]
Event: 1295,343 Thread 0x00007f23040da000 9817       1       org.apache.catalina.core.ContainerBase::getBackgroundProcessorDelay (5 bytes)
Event: 1295,343 Thread 0x00007f23040da000 nmethod 9817 0x00007f22f511d750 code [0x00007f22f511d8a0, 0x00007f22f511d9b0]

GC Heap History (10 events):
Event: 14,864 GC heap before
{Heap before GC invocations=16 (full 2):
 PSYoungGen      total 396288K, used 379200K [0x00000000d6d80000, 0x00000000f5580000, 0x0000000100000000)
  eden space 374784K, 100% used [0x00000000d6d80000,0x00000000edb80000,0x00000000edb80000)
  from space 21504K, 20% used [0x00000000edb80000,0x00000000edfd0010,0x00000000ef080000)
  to   space 20992K, 0% used [0x00000000f4100000,0x00000000f4100000,0x00000000f5580000)
 ParOldGen       total 107520K, used 48971K [0x0000000084800000, 0x000000008b100000, 0x00000000d6d80000)
  object space 107520K, 45% used [0x0000000084800000,0x00000000877d2e20,0x000000008b100000)
 Metaspace       used 50963K, capacity 51526K, committed 51840K, reserved 1095680K
  class space    used 6303K, capacity 6451K, committed 6528K, reserved 1048576K
Event: 14,880 GC heap after
Heap after GC invocations=16 (full 2):
 PSYoungGen      total 479232K, used 4672K [0x00000000d6d80000, 0x00000000f5580000, 0x0000000100000000)
  eden space 458240K, 0% used [0x00000000d6d80000,0x00000000d6d80000,0x00000000f2d00000)
  from space 20992K, 22% used [0x00000000f4100000,0x00000000f4590010,0x00000000f5580000)
  to   space 20480K, 0% used [0x00000000f2d00000,0x00000000f2d00000,0x00000000f4100000)
 ParOldGen       total 107520K, used 48979K [0x0000000084800000, 0x000000008b100000, 0x00000000d6d80000)
  object space 107520K, 45% used [0x0000000084800000,0x00000000877d4e20,0x000000008b100000)
 Metaspace       used 50963K, capacity 51526K, committed 51840K, reserved 1095680K
  class space    used 6303K, capacity 6451K, committed 6528K, reserved 1048576K
}
Event: 15,664 GC heap before
{Heap before GC invocations=17 (full 2):
 PSYoungGen      total 479232K, used 462912K [0x00000000d6d80000, 0x00000000f5580000, 0x0000000100000000)
  eden space 458240K, 100% used [0x00000000d6d80000,0x00000000f2d00000,0x00000000f2d00000)
  from space 20992K, 22% used [0x00000000f4100000,0x00000000f4590010,0x00000000f5580000)
  to   space 20480K, 0% used [0x00000000f2d00000,0x00000000f2d00000,0x00000000f4100000)
 ParOldGen       total 107520K, used 48979K [0x0000000084800000, 0x000000008b100000, 0x00000000d6d80000)
  object space 107520K, 45% used [0x0000000084800000,0x00000000877d4e20,0x000000008b100000)
 Metaspace       used 50984K, capacity 51532K, committed 51840K, reserved 1095680K
  class space    used 6304K, capacity 6452K, committed 6528K, reserved 1048576K
Event: 15,674 GC heap after
Heap after GC invocations=17 (full 2):
 PSYoungGen      total 478720K, used 5088K [0x00000000d6d80000, 0x00000000fb600000, 0x0000000100000000)
  eden space 458240K, 0% used [0x00000000d6d80000,0x00000000d6d80000,0x00000000f2d00000)
  from space 20480K, 24% used [0x00000000f2d00000,0x00000000f31f8010,0x00000000f4100000)
  to   space 19968K, 0% used [0x00000000fa280000,0x00000000fa280000,0x00000000fb600000)
 ParOldGen       total 107520K, used 48979K [0x0000000084800000, 0x000000008b100000, 0x00000000d6d80000)
  object space 107520K, 45% used [0x0000000084800000,0x00000000877d4e20,0x000000008b100000)
 Metaspace       used 50984K, capacity 51532K, committed 51840K, reserved 1095680K
  class space    used 6304K, capacity 6452K, committed 6528K, reserved 1048576K
}
Event: 16,523 GC heap before
{Heap before GC invocations=18 (full 2):
 PSYoungGen      total 478720K, used 463328K [0x00000000d6d80000, 0x00000000fb600000, 0x0000000100000000)
  eden space 458240K, 100% used [0x00000000d6d80000,0x00000000f2d00000,0x00000000f2d00000)
  from space 20480K, 24% used [0x00000000f2d00000,0x00000000f31f8010,0x00000000f4100000)
  to   space 19968K, 0% used [0x00000000fa280000,0x00000000fa280000,0x00000000fb600000)
 ParOldGen       total 107520K, used 48979K [0x0000000084800000, 0x000000008b100000, 0x00000000d6d80000)
  object space 107520K, 45% used [0x0000000084800000,0x00000000877d4e20,0x000000008b100000)
 Metaspace       used 50997K, capacity 51532K, committed 51840K, reserved 1095680K
  class space    used 6305K, capacity 6452K, committed 6528K, reserved 1048576K
Event: 16,536 GC heap after
Heap after GC invocations=18 (full 2):
 PSYoungGen      total 578560K, used 5440K [0x00000000d6d80000, 0x00000000fb500000, 0x0000000100000000)
  eden space 559616K, 0% used [0x00000000d6d80000,0x00000000d6d80000,0x00000000f9000000)
  from space 18944K, 28% used [0x00000000fa280000,0x00000000fa7d0010,0x00000000fb500000)
  to   space 18944K, 0% used [0x00000000f9000000,0x00000000f9000000,0x00000000fa280000)
 ParOldGen       total 107520K, used 48979K [0x0000000084800000, 0x000000008b100000, 0x00000000d6d80000)
  object space 107520K, 45% used [0x0000000084800000,0x00000000877d4e20,0x000000008b100000)
 Metaspace       used 50997K, capacity 51532K, committed 51840K, reserved 1095680K
  class space    used 6305K, capacity 6452K, committed 6528K, reserved 1048576K
}
Event: 33,176 GC heap before
{Heap before GC invocations=19 (full 2):
 PSYoungGen      total 578560K, used 467939K [0x00000000d6d80000, 0x00000000fb500000, 0x0000000100000000)
  eden space 559616K, 82% used [0x00000000d6d80000,0x00000000f3128c78,0x00000000f9000000)
  from space 18944K, 28% used [0x00000000fa280000,0x00000000fa7d0010,0x00000000fb500000)
  to   space 18944K, 0% used [0x00000000f9000000,0x00000000f9000000,0x00000000fa280000)
 ParOldGen       total 107520K, used 48979K [0x0000000084800000, 0x000000008b100000, 0x00000000d6d80000)
  object space 107520K, 45% used [0x0000000084800000,0x00000000877d4e20,0x000000008b100000)
 Metaspace       used 58331K, capacity 58806K, committed 59096K, reserved 1101824K
  class space    used 6947K, capacity 7063K, committed 7168K, reserved 1048576K
Event: 33,195 GC heap after
Heap after GC invocations=19 (full 2):
 PSYoungGen      total 578560K, used 15039K [0x00000000d6d80000, 0x00000000ffc00000, 0x0000000100000000)
  eden space 559616K, 0% used [0x00000000d6d80000,0x00000000d6d80000,0x00000000f9000000)
  from space 18944K, 79% used [0x00000000f9000000,0x00000000f9eaff38,0x00000000fa280000)
  to   space 20480K, 0% used [0x00000000fe800000,0x00000000fe800000,0x00000000ffc00000)
 ParOldGen       total 107520K, used 48987K [0x0000000084800000, 0x000000008b100000, 0x00000000d6d80000)
  object space 107520K, 45% used [0x0000000084800000,0x00000000877d6e20,0x000000008b100000)
 Metaspace       used 58331K, capacity 58806K, committed 59096K, reserved 1101824K
  class space    used 6947K, capacity 7063K, committed 7168K, reserved 1048576K
}
Event: 33,195 GC heap before
{Heap before GC invocations=20 (full 3):
 PSYoungGen      total 578560K, used 15039K [0x00000000d6d80000, 0x00000000ffc00000, 0x0000000100000000)
  eden space 559616K, 0% used [0x00000000d6d80000,0x00000000d6d80000,0x00000000f9000000)
  from space 18944K, 79% used [0x00000000f9000000,0x00000000f9eaff38,0x00000000fa280000)
  to   space 20480K, 0% used [0x00000000fe800000,0x00000000fe800000,0x00000000ffc00000)
 ParOldGen       total 107520K, used 48987K [0x0000000084800000, 0x000000008b100000, 0x00000000d6d80000)
  object space 107520K, 45% used [0x0000000084800000,0x00000000877d6e20,0x000000008b100000)
 Metaspace       used 58331K, capacity 58806K, committed 59096K, reserved 1101824K
  class space    used 6947K, capacity 7063K, committed 7168K, reserved 1048576K
Event: 33,378 GC heap after
Heap after GC invocations=20 (full 3):
 PSYoungGen      total 578560K, used 0K [0x00000000d6d80000, 0x00000000ffc00000, 0x0000000100000000)
  eden space 559616K, 0% used [0x00000000d6d80000,0x00000000d6d80000,0x00000000f9000000)
  from space 18944K, 0% used [0x00000000f9000000,0x00000000f9000000,0x00000000fa280000)
  to   space 20480K, 0% used [0x00000000fe800000,0x00000000fe800000,0x00000000ffc00000)
 ParOldGen       total 151552K, used 56077K [0x0000000084800000, 0x000000008dc00000, 0x00000000d6d80000)
  object space 151552K, 37% used [0x0000000084800000,0x0000000087ec3680,0x000000008dc00000)
 Metaspace       used 58308K, capacity 58770K, committed 59096K, reserved 1101824K
  class space    used 6943K, capacity 7057K, committed 7168K, reserved 1048576K
}

Deoptimization events (10 events):
Event: 1282,247 Thread 0x00007f228800c800 Uncommon trap: reason=unhandled action=none pc=0x00007f22f430c290 method=java.net.URLClassLoader.findClass(Ljava/lang/String;)Ljava/lang/Class; @ 44
Event: 1282,247 Thread 0x00007f228800c800 Uncommon trap: reason=unhandled action=none pc=0x00007f22f430c290 method=java.net.URLClassLoader.findClass(Ljava/lang/String;)Ljava/lang/Class; @ 44
Event: 1282,252 Thread 0x00007f228800c800 Uncommon trap: reason=unhandled action=none pc=0x00007f22f430c290 method=java.net.URLClassLoader.findClass(Ljava/lang/String;)Ljava/lang/Class; @ 44
Event: 1282,253 Thread 0x00007f228800c800 Uncommon trap: reason=unhandled action=none pc=0x00007f22f430c290 method=java.net.URLClassLoader.findClass(Ljava/lang/String;)Ljava/lang/Class; @ 44
Event: 1282,253 Thread 0x00007f228800c800 Uncommon trap: reason=unhandled action=none pc=0x00007f22f430c290 method=java.net.URLClassLoader.findClass(Ljava/lang/String;)Ljava/lang/Class; @ 44
Event: 1282,263 Thread 0x00007f228800c800 Uncommon trap: reason=unhandled action=none pc=0x00007f22f430c290 method=java.net.URLClassLoader.findClass(Ljava/lang/String;)Ljava/lang/Class; @ 44
Event: 1282,265 Thread 0x00007f228800c800 Uncommon trap: reason=unstable_if action=reinterpret pc=0x00007f22f41b3b0c method=org.springframework.web.util.UrlPathHelper.getContextPath(Ljavax/servlet/http/HttpServletRequest;)Ljava/lang/String; @ 13
Event: 1282,265 Thread 0x00007f228800c800 Uncommon trap: reason=unstable_if action=reinterpret pc=0x00007f22f4e5af14 method=org.springframework.web.util.UrlPathHelper.getContextPath(Ljavax/servlet/http/HttpServletRequest;)Ljava/lang/String; @ 13
Event: 1282,265 Thread 0x00007f228800c800 Uncommon trap: reason=unstable_if action=reinterpret pc=0x00007f22f4defcb8 method=org.springframework.web.util.UrlPathHelper.getServletPath(Ljavax/servlet/http/HttpServletRequest;)Ljava/lang/String; @ 13
Event: 1282,270 Thread 0x00007f228800c800 Uncommon trap: reason=unstable_if action=reinterpret pc=0x00007f22f4b4e5f4 method=com.fasterxml.jackson.core.json.UTF8JsonGenerator._writeStringSegment([CII)V @ 44

Internal exceptions (10 events):
Event: 1282,179 Thread 0x00007f228800c800 Exception <a 'java/lang/StackOverflowError'> (0x00000000e1de65a8) thrown at [/HUDSON3/workspace/8-2-build-linux-amd64/jdk8u74/6087/hotspot/src/share/vm/prims/jvm.cpp, line 1390]
Event: 1282,181 Thread 0x00007f228800c800 StackOverflowError at 0x00007f22f37bf0c0
Event: 1282,182 Thread 0x00007f228800c800 Exception <a 'java/lang/StackOverflowError'> (0x00000000e1df22f8) thrown at [/HUDSON3/workspace/8-2-build-linux-amd64/jdk8u74/6087/hotspot/src/share/vm/runtime/sharedRuntime.cpp, line 605]
Event: 1282,182 Thread 0x00007f228800c800 Exception <a 'java/lang/StackOverflowError'> (0x00000000e1df22f8) thrown at [/HUDSON3/workspace/8-2-build-linux-amd64/jdk8u74/6087/hotspot/src/share/vm/prims/jvm.cpp, line 1390]
Event: 1282,184 Thread 0x00007f228800c800 StackOverflowError at 0x00007f22f3d1bfa0
Event: 1282,184 Thread 0x00007f228800c800 Exception <a 'java/lang/StackOverflowError'> (0x00000000e1dfea28) thrown at [/HUDSON3/workspace/8-2-build-linux-amd64/jdk8u74/6087/hotspot/src/share/vm/runtime/sharedRuntime.cpp, line 605]
Event: 1282,185 Thread 0x00007f228800c800 Exception <a 'java/lang/StackOverflowError'> (0x00000000e1dfea28) thrown at [/HUDSON3/workspace/8-2-build-linux-amd64/jdk8u74/6087/hotspot/src/share/vm/prims/jvm.cpp, line 1390]
Event: 1282,185 Thread 0x00007f228800c800 StackOverflowError at 0x00007f22f4b74a20
Event: 1282,186 Thread 0x00007f228800c800 Exception <a 'java/lang/StackOverflowError'> (0x00000000e1e0b2d8) thrown at [/HUDSON3/workspace/8-2-build-linux-amd64/jdk8u74/6087/hotspot/src/share/vm/runtime/sharedRuntime.cpp, line 605]
Event: 1282,186 Thread 0x00007f228800c800 Exception <a 'java/lang/StackOverflowError'> (0x00000000e1e0b2d8) thrown at [/HUDSON3/workspace/8-2-build-linux-amd64/jdk8u74/6087/hotspot/src/share/vm/prims/jvm.cpp, line 1390]

Events (10 events):
Event: 1414,573 Executing VM operation: RedefineClasses
Event: 1414,627 Executing VM operation: RedefineClasses done
Event: 1419,311 Executing VM operation: RedefineClasses
Event: 1419,371 Executing VM operation: RedefineClasses done
Event: 1435,163 Executing VM operation: RedefineClasses
Event: 1435,280 Executing VM operation: RedefineClasses done
Event: 1435,292 Executing VM operation: ChangeBreakpoints
Event: 1435,298 Executing VM operation: ChangeBreakpoints done
Event: 1449,429 Executing VM operation: RedefineClasses
Event: 1449,492 Executing VM operation: RedefineClasses done


Dynamic libraries:
00400000-00401000 r-xp 00000000 08:06 1452334                            /usr/lib/jvm/java-8-oracle/bin/java
00600000-00601000 rw-p 00000000 08:06 1452334                            /usr/lib/jvm/java-8-oracle/bin/java
012bf000-01530000 rw-p 00000000 00:00 0                                  [heap]
84800000-8dc00000 rw-p 00000000 00:00 0 
8dc00000-d6d80000 ---p 00000000 00:00 0 
d6d80000-ffc00000 rw-p 00000000 00:00 0 
ffc00000-100000000 ---p 00000000 00:00 0 
100000000-1007e0000 rw-p 00000000 00:00 0 
1007e0000-140000000 ---p 00000000 00:00 0 
7f226c000000-7f226c0fa000 rw-p 00000000 00:00 0 
7f226c0fa000-7f2270000000 ---p 00000000 00:00 0 
7f2270000000-7f22700e2000 rw-p 00000000 00:00 0 
7f22700e2000-7f2274000000 ---p 00000000 00:00 0 
7f2274000000-7f2274027000 rw-p 00000000 00:00 0 
7f2274027000-7f2278000000 ---p 00000000 00:00 0 
7f2278000000-7f22780e3000 rw-p 00000000 00:00 0 
7f22780e3000-7f227c000000 ---p 00000000 00:00 0 
7f227c000000-7f227c25b000 rw-p 00000000 00:00 0 
7f227c25b000-7f2280000000 ---p 00000000 00:00 0 
7f2280000000-7f228061f000 rw-p 00000000 00:00 0 
7f228061f000-7f2284000000 ---p 00000000 00:00 0 
7f2286376000-7f2286576000 rw-p 00000000 00:00 0 
7f2286576000-7f2286776000 rw-p 00000000 00:00 0 
7f2286776000-7f228678c000 r-xp 00000000 08:06 8130665                    /lib/x86_64-linux-gnu/libgcc_s.so.1
7f228678c000-7f228698b000 ---p 00016000 08:06 8130665                    /lib/x86_64-linux-gnu/libgcc_s.so.1
7f228698b000-7f228698c000 r--p 00015000 08:06 8130665                    /lib/x86_64-linux-gnu/libgcc_s.so.1
7f228698c000-7f228698d000 rw-p 00016000 08:06 8130665                    /lib/x86_64-linux-gnu/libgcc_s.so.1
7f228698d000-7f22869bf000 r-xp 00000000 08:06 1451918                    /usr/lib/jvm/java-8-oracle/jre/lib/amd64/libsunec.so
7f22869bf000-7f2286bbe000 ---p 00032000 08:06 1451918                    /usr/lib/jvm/java-8-oracle/jre/lib/amd64/libsunec.so
7f2286bbe000-7f2286bc4000 rw-p 00031000 08:06 1451918                    /usr/lib/jvm/java-8-oracle/jre/lib/amd64/libsunec.so
7f2286bc4000-7f2286bd4000 rw-p 00000000 00:00 0 
7f2286bd4000-7f2286beb000 r-xp 00000000 08:06 8132652                    /lib/x86_64-linux-gnu/libresolv-2.19.so
7f2286beb000-7f2286deb000 ---p 00017000 08:06 8132652                    /lib/x86_64-linux-gnu/libresolv-2.19.so
7f2286deb000-7f2286dec000 r--p 00017000 08:06 8132652                    /lib/x86_64-linux-gnu/libresolv-2.19.so
7f2286dec000-7f2286ded000 rw-p 00018000 08:06 8132652                    /lib/x86_64-linux-gnu/libresolv-2.19.so
7f2286ded000-7f2286def000 rw-p 00000000 00:00 0 
7f2286def000-7f2286df4000 r-xp 00000000 08:06 8132666                    /lib/x86_64-linux-gnu/libnss_dns-2.19.so
7f2286df4000-7f2286ff3000 ---p 00005000 08:06 8132666                    /lib/x86_64-linux-gnu/libnss_dns-2.19.so
7f2286ff3000-7f2286ff4000 r--p 00004000 08:06 8132666                    /lib/x86_64-linux-gnu/libnss_dns-2.19.so
7f2286ff4000-7f2286ff5000 rw-p 00005000 08:06 8132666                    /lib/x86_64-linux-gnu/libnss_dns-2.19.so
7f2286ff5000-7f2286ff7000 r-xp 00000000 08:06 8130768                    /lib/x86_64-linux-gnu/libnss_mdns4_minimal.so.2
7f2286ff7000-7f22871f6000 ---p 00002000 08:06 8130768                    /lib/x86_64-linux-gnu/libnss_mdns4_minimal.so.2
7f22871f6000-7f22871f7000 r--p 00001000 08:06 8130768                    /lib/x86_64-linux-gnu/libnss_mdns4_minimal.so.2
7f22871f7000-7f22871f8000 rw-p 00002000 08:06 8130768                    /lib/x86_64-linux-gnu/libnss_mdns4_minimal.so.2
7f22871f8000-7f22873f8000 rw-p 00000000 00:00 0 
7f22873f8000-7f22873fb000 ---p 00000000 00:00 0 
7f22873fb000-7f22874f9000 rw-p 00000000 00:00 0                          [stack:19888]
7f22874f9000-7f22874fc000 ---p 00000000 00:00 0 
7f22874fc000-7f22875fa000 rw-p 00000000 00:00 0                          [stack:19887]
7f22875fa000-7f22875fd000 ---p 00000000 00:00 0 
7f22875fd000-7f22876fb000 rw-p 00000000 00:00 0                          [stack:19886]
7f22876fb000-7f22876fe000 ---p 00000000 00:00 0 
7f22876fe000-7f22877fc000 rw-p 00000000 00:00 0                          [stack:19885]
7f22877fc000-7f22877ff000 ---p 00000000 00:00 0 
7f22877ff000-7f22878fd000 rw-p 00000000 00:00 0                          [stack:19884]
7f22878fd000-7f2287900000 ---p 00000000 00:00 0 
7f2287900000-7f22879fe000 rw-p 00000000 00:00 0                          [stack:19883]
7f22879fe000-7f2287a01000 ---p 00000000 00:00 0 
7f2287a01000-7f2287aff000 rw-p 00000000 00:00 0                          [stack:19882]
7f2287aff000-7f2287b02000 ---p 00000000 00:00 0 
7f2287b02000-7f2287df6000 rw-p 00000000 00:00 0                          [stack:19881]
7f2287df6000-7f2287e00000 ---p 00000000 00:00 0 
7f2287e00000-7f2288000000 rw-p 00000000 00:00 0 
7f2288000000-7f2288021000 rw-p 00000000 00:00 0 
7f2288021000-7f228c000000 ---p 00000000 00:00 0 
7f228c000000-7f228c021000 rw-p 00000000 00:00 0 
7f228c021000-7f2290000000 ---p 00000000 00:00 0 
7f2290000000-7f2290021000 rw-p 00000000 00:00 0 
7f2290021000-7f2294000000 ---p 00000000 00:00 0 
7f2294000000-7f2294021000 rw-p 00000000 00:00 0 
7f2294021000-7f2298000000 ---p 00000000 00:00 0 
7f2298000000-7f2298021000 rw-p 00000000 00:00 0 
7f2298021000-7f229c000000 ---p 00000000 00:00 0 
7f229c000000-7f229c021000 rw-p 00000000 00:00 0 
7f229c021000-7f22a0000000 ---p 00000000 00:00 0 
7f22a0000000-7f22a0021000 rw-p 00000000 00:00 0 
7f22a0021000-7f22a4000000 ---p 00000000 00:00 0 
7f22a4000000-7f22a41b6000 rw-p 00000000 00:00 0 
7f22a41b6000-7f22a8000000 ---p 00000000 00:00 0 
7f22a8000000-7f22a8021000 rw-p 00000000 00:00 0 
7f22a8021000-7f22ac000000 ---p 00000000 00:00 0 
7f22ac000000-7f22ac021000 rw-p 00000000 00:00 0 
7f22ac021000-7f22b0000000 ---p 00000000 00:00 0 
7f22b009d000-7f22b029d000 rw-p 00000000 00:00 0 
7f22b029d000-7f22b049d000 rw-p 00000000 00:00 0 
7f22b0539000-7f22b053c000 ---p 00000000 00:00 0 
7f22b053c000-7f22b063a000 rw-p 00000000 00:00 0                          [stack:19880]
7f22b063a000-7f22b063d000 ---p 00000000 00:00 0 
7f22b063d000-7f22b073b000 rw-p 00000000 00:00 0                          [stack:19879]
7f22b073b000-7f22b073e000 ---p 00000000 00:00 0 
7f22b073e000-7f22b083c000 rw-p 00000000 00:00 0                          [stack:19873]
7f22b083c000-7f22b083f000 ---p 00000000 00:00 0 
7f22b083f000-7f22b0b3d000 rw-p 00000000 00:00 0                          [stack:19872]
7f22b0b3d000-7f22b0d3d000 rw-p 00000000 00:00 0 
7f22b0d3d000-7f22b0f3d000 rw-p 00000000 00:00 0 
7f22b0f3d000-7f22b113d000 rw-p 00000000 00:00 0 
7f22b113d000-7f22b133d000 rw-p 00000000 00:00 0 
7f22b133d000-7f22b153d000 rw-p 00000000 00:00 0 
7f22b153d000-7f22b173d000 rw-p 00000000 00:00 0 
7f22b17a8000-7f22b19a8000 rw-p 00000000 00:00 0 
7f22b19e0000-7f22b1be0000 rw-p 00000000 00:00 0 
7f22b1be0000-7f22b1be3000 ---p 00000000 00:00 0 
7f22b1be3000-7f22b1ce1000 rw-p 00000000 00:00 0                          [stack:19860]
7f22b1ce1000-7f22b1ce4000 ---p 00000000 00:00 0 
7f22b1ce4000-7f22b1de2000 rw-p 00000000 00:00 0                          [stack:19859]
7f22b1de2000-7f22b1de5000 ---p 00000000 00:00 0 
7f22b1de5000-7f22b1ee3000 rw-p 00000000 00:00 0                          [stack:19858]
7f22b1ee3000-7f22b1ee6000 ---p 00000000 00:00 0 
7f22b1ee6000-7f22b21e4000 rw-p 00000000 00:00 0                          [stack:19857]
7f22b21e4000-7f22b23e4000 rw-p 00000000 00:00 0 
7f22b23e4000-7f22b23e7000 ---p 00000000 00:00 0 
7f22b23e7000-7f22b24e5000 rw-p 00000000 00:00 0                          [stack:19871]
7f22b24e5000-7f22b24e8000 ---p 00000000 00:00 0 
7f22b24e8000-7f22b27e6000 rw-p 00000000 00:00 0                          [stack:19870]
7f22b27e6000-7f22b27f7000 r-xp 00000000 08:06 1451907                    /usr/lib/jvm/java-8-oracle/jre/lib/amd64/libnio.so
7f22b27f7000-7f22b29f6000 ---p 00011000 08:06 1451907                    /usr/lib/jvm/java-8-oracle/jre/lib/amd64/libnio.so
7f22b29f6000-7f22b29f7000 rw-p 00010000 08:06 1451907                    /usr/lib/jvm/java-8-oracle/jre/lib/amd64/libnio.so
7f22b29f7000-7f22b2bf7000 rw-p 00000000 00:00 0 
7f22b2bf7000-7f22b2df7000 rw-p 00000000 00:00 0 
7f22b2df7000-7f22b2ff7000 rw-p 00000000 00:00 0 
7f22b2ff7000-7f22b31f7000 rw-p 00000000 00:00 0 
7f22b3269000-7f22b326c000 rw-p 00000000 00:00 0 
7f22b326c000-7f22b3272000 r--s 0003f000 08:06 1452136                    /usr/lib/jvm/java-8-oracle/jre/lib/ext/sunjce_provider.jar
7f22b3272000-7f22b3273000 r--s 00009000 08:06 1452137                    /usr/lib/jvm/java-8-oracle/jre/lib/ext/sunec.jar
7f22b3273000-7f22b3276000 r--s 0001a000 08:06 1452147                    /usr/lib/jvm/java-8-oracle/jre/lib/jce.jar
7f22b3276000-7f22b327c000 r--s 002f8000 08:06 1451941                    /usr/lib/jvm/java-8-oracle/jre/lib/charsets.jar
7f22b327c000-7f22b3280000 r--s 00097000 08:06 1452153                    /usr/lib/jvm/java-8-oracle/jre/lib/jsse.jar
7f22b3280000-7f22b3480000 rw-p 00000000 00:00 0 
7f22b3480000-7f22b3492000 r--s 00345000 08:06 1452186                    /usr/lib/jvm/java-8-oracle/jre/lib/resources.jar
7f22b3492000-7f22b3692000 rw-p 00000000 00:00 0 
7f22b3692000-7f22b36a8000 r-xp 00000000 08:06 1451855                    /usr/lib/jvm/java-8-oracle/jre/lib/amd64/libnet.so
7f22b36a8000-7f22b38a8000 ---p 00016000 08:06 1451855                    /usr/lib/jvm/java-8-oracle/jre/lib/amd64/libnet.so
7f22b38a8000-7f22b38a9000 rw-p 00016000 08:06 1451855                    /usr/lib/jvm/java-8-oracle/jre/lib/amd64/libnet.so
7f22b38a9000-7f22b38b2000 r-xp 00000000 08:06 1451915                    /usr/lib/jvm/java-8-oracle/jre/lib/amd64/libmanagement.so
7f22b38b2000-7f22b3ab1000 ---p 00009000 08:06 1451915                    /usr/lib/jvm/java-8-oracle/jre/lib/amd64/libmanagement.so
7f22b3ab1000-7f22b3ab2000 rw-p 00008000 08:06 1451915                    /usr/lib/jvm/java-8-oracle/jre/lib/amd64/libmanagement.so
7f22b3ab2000-7f22b3ac7000 r--s 000e1000 08:06 7214545                    /home/alejandro/.m2/repository/net/sf/ehcache/ehcache-core/2.4.3/ehcache-core-2.4.3.jar
7f22b3ac7000-7f22b3acf000 r--s 00084000 08:06 8528514                    /home/alejandro/.m2/repository/com/sun/mail/javax.mail/1.5.2/javax.mail-1.5.2.jar
7f22b3acf000-7f22b3ad4000 r--s 00027000 08:06 8527920                    /home/alejandro/.m2/repository/org/springframework/spring-context-support/4.1.6.RELEASE/spring-context-support-4.1.6.RELEASE.jar
7f22b3ad4000-7f22b3aec000 r--s 000e3000 08:06 7212332                    /home/alejandro/.m2/repository/org/springframework/spring-context/4.1.6.RELEASE/spring-context-4.1.6.RELEASE.jar
7f22b3aec000-7f22b3aed000 r--s 00000000 08:06 8528512                    /home/alejandro/.m2/repository/org/springframework/boot/spring-boot-starter-mail/1.2.3.RELEASE/spring-boot-starter-mail-1.2.3.RELEASE.jar
7f22b3aed000-7f22b3aee000 r--s 00004000 08:06 8528373                    /home/alejandro/.m2/repository/org/apache/ant/ant-launcher/1.9.3/ant-launcher-1.9.3.jar
7f22b3aee000-7f22b3b0d000 r--s 001cc000 08:06 8528371                    /home/alejandro/.m2/repository/org/apache/ant/ant/1.9.3/ant-1.9.3.jar
7f22b3b0d000-7f22b3b0f000 r--s 0000e000 08:06 8388630                    /home/alejandro/.m2/repository/javax/activation/activation/1.1/activation-1.1.jar
7f22b3b0f000-7f22b3b17000 r--s 00078000 08:06 7752024                    /home/alejandro/.m2/repository/javax/mail/mail/1.4.7/mail-1.4.7.jar
7f22b3b17000-7f22b3b18000 r--s 00007000 08:06 8520874                    /home/alejandro/.m2/repository/com/fasterxml/jackson/module/jackson-module-jaxb-annotations/2.3.2/jackson-module-jaxb-annotations-2.3.2.jar
7f22b3b18000-7f22b3b1a000 r--s 00003000 08:06 8520872                    /home/alejandro/.m2/repository/com/fasterxml/jackson/jaxrs/jackson-jaxrs-json-provider/2.3.2/jackson-jaxrs-json-provider-2.3.2.jar
7f22b3b1a000-7f22b3b1b000 r--s 00006000 08:06 8520870                    /home/alejandro/.m2/repository/com/fasterxml/jackson/jaxrs/jackson-jaxrs-base/2.3.2/jackson-jaxrs-base-2.3.2.jar
7f22b3b1b000-7f22b3b1c000 r--s 00001000 08:06 8520868                    /home/alejandro/.m2/repository/org/glassfish/jersey/media/jersey-media-json-jackson/2.14/jersey-media-json-jackson-2.14.jar
7f22b3b1c000-7f22b3b1e000 r--s 00002000 08:06 8520866                    /home/alejandro/.m2/repository/org/glassfish/hk2/spring-bridge/2.4.0-b06/spring-bridge-2.4.0-b06.jar
7f22b3b1e000-7f22b3b25000 r--s 0005b000 08:06 8520864                    /home/alejandro/.m2/repository/org/glassfish/hk2/external/asm-all-repackaged/2.4.0-b06/asm-all-repackaged-2.4.0-b06.jar
7f22b3b25000-7f22b3b28000 r--s 00013000 08:06 8520862                    /home/alejandro/.m2/repository/org/glassfish/hk2/class-model/2.4.0-b06/class-model-2.4.0-b06.jar
7f22b3b28000-7f22b3b2a000 r--s 0000c000 08:06 8520860                    /home/alejandro/.m2/repository/org/glassfish/hk2/hk2-runlevel/2.4.0-b06/hk2-runlevel-2.4.0-b06.jar
7f22b3b2a000-7f22b3b3d000 r--s 000b4000 08:06 8520858                    /home/alejandro/.m2/repository/org/glassfish/hk2/external/bean-validator/2.4.0-b06/bean-validator-2.4.0-b06.jar
7f22b3b3d000-7f22b3b3f000 r--s 00003000 08:06 8520856                    /home/alejandro/.m2/repository/org/jvnet/tiger-types/1.4/tiger-types-1.4.jar
7f22b3b3f000-7f22b3b43000 r--s 0002e000 08:06 8520854                    /home/alejandro/.m2/repository/org/glassfish/hk2/hk2-config/2.4.0-b06/hk2-config-2.4.0-b06.jar
7f22b3b43000-7f22b3b46000 r--s 0001a000 08:06 8520852                    /home/alejandro/.m2/repository/org/glassfish/hk2/core/2.4.0-b06/core-2.4.0-b06.jar
7f22b3b46000-7f22b3b47000 r--s 00001000 08:06 8520850                    /home/alejandro/.m2/repository/org/glassfish/hk2/config-types/2.4.0-b06/config-types-2.4.0-b06.jar
7f22b3b47000-7f22b3b48000 r--s 00000000 08:06 8520848                    /home/alejandro/.m2/repository/org/glassfish/hk2/hk2/2.4.0-b06/hk2-2.4.0-b06.jar
7f22b3b48000-7f22b3b4a000 r--s 00004000 08:06 8520846                    /home/alejandro/.m2/repository/org/glassfish/jersey/ext/jersey-spring3/2.14/jersey-spring3-2.14.jar
7f22b3b4a000-7f22b3b4c000 r--s 00008000 08:06 8520844                    /home/alejandro/.m2/repository/org/glassfish/jersey/ext/jersey-bean-validation/2.14/jersey-bean-validation-2.14.jar
7f22b3b4c000-7f22b3b4d000 r--s 00003000 08:06 8520842                    /home/alejandro/.m2/repository/org/glassfish/jersey/containers/jersey-container-servlet/2.14/jersey-container-servlet-2.14.jar
7f22b3b4d000-7f22b3b4f000 r--s 0000c000 08:06 8520840                    /home/alejandro/.m2/repository/org/glassfish/jersey/containers/jersey-container-servlet-core/2.14/jersey-container-servlet-core-2.14.jar
7f22b3b4f000-7f22b3b52000 r--s 00027000 08:06 8138891                    /home/alejandro/.m2/repository/org/glassfish/hk2/hk2-locator/2.4.0-b06/hk2-locator-2.4.0-b06.jar
7f22b3b52000-7f22b3b53000 r--s 00001000 08:06 8006122                    /home/alejandro/.m2/repository/org/glassfish/hk2/external/javax.inject/2.4.0-b06/javax.inject-2.4.0-b06.jar
7f22b3b53000-7f22b3b55000 r--s 00002000 08:06 7751983                    /home/alejandro/.m2/repository/org/glassfish/hk2/external/aopalliance-repackaged/2.4.0-b06/aopalliance-repackaged-2.4.0-b06.jar
7f22b3b55000-7f22b3b58000 r--s 00013000 08:06 7085230                    /home/alejandro/.m2/repository/org/glassfish/hk2/hk2-utils/2.4.0-b06/hk2-utils-2.4.0-b06.jar
7f22b3b58000-7f22b3b5d000 r--s 00026000 08:06 6823292                    /home/alejandro/.m2/repository/org/glassfish/hk2/hk2-api/2.4.0-b06/hk2-api-2.4.0-b06.jar
7f22b3b5d000-7f22b3b5f000 r--s 00005000 08:06 7617804                    /home/alejandro/.m2/repository/javax/annotation/javax.annotation-api/1.2/javax.annotation-api-1.2.jar
7f22b3b5f000-7f22b3b63000 r--s 00019000 08:06 7477049                    /home/alejandro/.m2/repository/javax/ws/rs/javax.ws.rs-api/2.0.1/javax.ws.rs-api-2.0.1.jar
7f22b3b63000-7f22b3b67000 r--s 00022000 08:06 8520838                    /home/alejandro/.m2/repository/org/glassfish/jersey/core/jersey-client/2.14/jersey-client-2.14.jar
7f22b3b67000-7f22b3b68000 r--s 00004000 08:06 8265113                    /home/alejandro/.m2/repository/org/glassfish/hk2/osgi-resource-locator/1.0.1/osgi-resource-locator-1.0.1.jar
7f22b3b68000-7f22b3b7f000 r--s 000d4000 08:06 6168457                    /home/alejandro/.m2/repository/org/glassfish/jersey/bundles/repackaged/jersey-guava/2.14/jersey-guava-2.14.jar
7f22b3b7f000-7f22b3b8d000 r--s 000a3000 08:06 6037292                    /home/alejandro/.m2/repository/org/glassfish/jersey/core/jersey-common/2.14/jersey-common-2.14.jar
7f22b3b8d000-7f22b3ba2000 r--s 000cd000 08:06 5775569                    /home/alejandro/.m2/repository/org/glassfish/jersey/core/jersey-server/2.14/jersey-server-2.14.jar
7f22b3ba2000-7f22b3ba3000 r--s 00000000 08:06 6037285                    /home/alejandro/.m2/repository/org/springframework/boot/spring-boot-starter-jersey/1.2.3.RELEASE/spring-boot-starter-jersey-1.2.3.RELEASE.jar
7f22b3ba3000-7f22b3ba4000 r--s 00002000 08:06 7214355                    /home/alejandro/.m2/repository/org/jboss/logging/jboss-logging-spi/2.0.5.GA/jboss-logging-spi-2.0.5.GA.jar
7f22b3ba4000-7f22b3bae000 r--s 00065000 08:06 7214245                    /home/alejandro/.m2/repository/org/jboss/jboss-common-core/2.2.10.GA/jboss-common-core-2.2.10.GA.jar
7f22b3bae000-7f22b3bb0000 r--s 00013000 08:06 5378599                    /home/alejandro/.m2/repository/xml-resolver/xml-resolver/1.2/xml-resolver-1.2.jar
7f22b3bb0000-7f22b3c22000 r--s 0065a000 08:06 7212444                    /home/alejandro/.m2/repository/org/scala-lang/scala-library/2.10.4/scala-library-2.10.4.jar
7f22b3c22000-7f22b3c23000 r--s 00004000 08:06 7212442                    /home/alejandro/.m2/repository/net/sf/opencsv/opencsv/2.3/opencsv-2.3.jar
7f22b3c23000-7f22b3c28000 r--s 00029000 08:06 7212440                    /home/alejandro/.m2/repository/org/parboiled/parboiled-core/1.1.6/parboiled-core-1.1.6.jar
7f22b3c28000-7f22b3c2d000 r--s 00036000 08:06 7212438                    /home/alejandro/.m2/repository/org/parboiled/parboiled-scala_2.10/1.1.6/parboiled-scala_2.10-1.1.6.jar
7f22b3c2d000-7f22b3ccd000 r--s 006dd000 08:06 7212436                    /home/alejandro/.m2/repository/org/neo4j/neo4j-cypher-compiler-2.1/2.1.5/neo4j-cypher-compiler-2.1-2.1.5.jar
7f22b3ccd000-7f22b3cdb000 r--s 0007f000 08:06 7212434                    /home/alejandro/.m2/repository/commons-collections/commons-collections/3.2.1/commons-collections-3.2.1.jar
7f22b3cdb000-7f22b3ce4000 r--s 000e2000 08:06 7212432                    /home/alejandro/.m2/repository/mysql/mysql-connector-java/5.1.34/mysql-connector-java-5.1.34.jar
7f22b3ce4000-7f22b3ce8000 r--s 00017000 08:06 7212430                    /home/alejandro/.m2/repository/com/mangofactory/swagger-models/1.0.2/swagger-models-1.0.2.jar
7f22b3ce8000-7f22b3ce9000 r--s 00007000 08:06 7212428                    /home/alejandro/.m2/repository/org/slf4j/slf4j-api/1.7.11/slf4j-api-1.7.11.jar
7f22b3ce9000-7f22b3ceb000 r--s 0000e000 08:06 7212426                    /home/alejandro/.m2/repository/com/fasterxml/classmate/1.1.0/classmate-1.1.0.jar
7f22b3ceb000-7f22b3d15000 r--s 001e9000 08:06 7212424                    /home/alejandro/.m2/repository/com/google/guava/guava/15.0/guava-15.0.jar
7f22b3d15000-7f22b3d17000 r--s 00001000 08:06 7212422                    /home/alejandro/.m2/repository/com/wordnik/swagger-annotations/1.3.11/swagger-annotations-1.3.11.jar
7f22b3d17000-7f22b3d1b000 r--s 0001d000 08:06 7212420                    /home/alejandro/.m2/repository/com/mangofactory/swagger-springmvc/1.0.2/swagger-springmvc-1.0.2.jar
7f22b3d1b000-7f22b3d2a000 r--s 00081000 08:06 7212418                    /home/alejandro/.m2/repository/joda-time/joda-time/2.5/joda-time-2.5.jar
7f22b3d2a000-7f22b3d2c000 r--s 0007a000 08:06 6957848                    /home/alejandro/.m2/repository/org/webjars/bower/angular/1.4.5/angular-1.4.5.jar
7f22b3d2c000-7f22b3d2d000 r--s 00002000 08:06 6694025                    /home/alejandro/.m2/repository/org/webjars/bower/angular-cookies/1.4.5/angular-cookies-1.4.5.jar
7f22b3d2d000-7f22b3d32000 r--s 00046000 08:06 7212416                    /home/alejandro/.m2/repository/org/apache/commons/commons-lang3/3.0/commons-lang3-3.0.jar
7f22b3d32000-7f22b3d35000 r--s 00019000 08:06 7212414                    /home/alejandro/.m2/repository/commons-pool/commons-pool/1.6/commons-pool-1.6.jar
7f22b3d35000-7f22b3d38000 r--s 00025000 08:06 7212412                    /home/alejandro/.m2/repository/commons-dbcp/commons-dbcp/1.4/commons-dbcp-1.4.jar
7f22b3d38000-7f22b3d3c000 r--s 00017000 08:06 7212410                    /home/alejandro/.m2/repository/org/springframework/retry/spring-retry/1.1.2.RELEASE/spring-retry-1.1.2.RELEASE.jar
7f22b3d3c000-7f22b3d3f000 r--s 00017000 08:06 7212408                    /home/alejandro/.m2/repository/org/springframework/amqp/spring-amqp/1.4.3.RELEASE/spring-amqp-1.4.3.RELEASE.jar
7f22b3d3f000-7f22b3d49000 r--s 00058000 08:06 7083446                    /home/alejandro/.m2/repository/com/rabbitmq/amqp-client/3.4.2/amqp-client-3.4.2.jar
7f22b3d49000-7f22b3d50000 r--s 0004a000 08:06 7212406                    /home/alejandro/.m2/repository/org/springframework/amqp/spring-rabbit/1.4.3.RELEASE/spring-rabbit-1.4.3.RELEASE.jar
7f22b3d50000-7f22b3d57000 r--s 00037000 08:06 7212404                    /home/alejandro/.m2/repository/org/springframework/spring-tx/4.1.6.RELEASE/spring-tx-4.1.6.RELEASE.jar
7f22b3d57000-7f22b3d58000 r--s 00000000 08:06 7212402                    /home/alejandro/.m2/repository/org/springframework/boot/spring-boot-starter-amqp/1.2.3.RELEASE/spring-boot-starter-amqp-1.2.3.RELEASE.jar
7f22b3d58000-7f22b3d62000 r--s 0005c000 08:06 7212388                    /home/alejandro/.m2/repository/javax/servlet/jstl/1.2/jstl-1.2.jar
7f22b3d62000-7f22b3d73000 r--s 00221000 08:06 7212386                    /home/alejandro/.m2/repository/org/eclipse/jdt/core/compiler/ecj/4.4.1/ecj-4.4.1.jar
7f22b3d73000-7f22b3d7c000 r--s 00094000 08:06 7212384                    /home/alejandro/.m2/repository/org/apache/tomcat/embed/tomcat-embed-jasper/8.0.20/tomcat-embed-jasper-8.0.20.jar
7f22b3d7c000-7f22b3d82000 r--s 00036000 08:06 7212382                    /home/alejandro/.m2/repository/org/apache/tomcat/embed/tomcat-embed-websocket/8.0.20/tomcat-embed-websocket-8.0.20.jar
7f22b3d82000-7f22b3d84000 r--s 00009000 08:06 7212380                    /home/alejandro/.m2/repository/org/apache/tomcat/embed/tomcat-embed-logging-juli/8.0.20/tomcat-embed-logging-juli-8.0.20.jar
7f22b3d84000-7f22b3d88000 r--s 00036000 08:06 7212378                    /home/alejandro/.m2/repository/org/apache/tomcat/embed/tomcat-embed-el/8.0.20/tomcat-embed-el-8.0.20.jar
7f22b3d88000-7f22b3dad000 r--s 00290000 08:06 7212376                    /home/alejandro/.m2/repository/org/apache/tomcat/embed/tomcat-embed-core/8.0.20/tomcat-embed-core-8.0.20.jar
7f22b3dad000-7f22b3dae000 r--s 00000000 08:06 7212374                    /home/alejandro/.m2/repository/org/springframework/boot/spring-boot-starter-tomcat/1.2.3.RELEASE/spring-boot-starter-tomcat-1.2.3.RELEASE.jar
7f22b3dae000-7f22b3db1000 r--s 00011000 08:06 7212372                    /home/alejandro/.m2/repository/org/springframework/ws/spring-ws-support/2.2.1.RELEASE/spring-ws-support-2.2.1.RELEASE.jar
7f22b3db1000-7f22b3db4000 r--s 0000e000 08:06 7212370                    /home/alejandro/.m2/repository/org/springframework/ws/spring-xml/2.2.1.RELEASE/spring-xml-2.2.1.RELEASE.jar
7f22b3db4000-7f22b3dc2000 r--s 00070000 08:06 7212368                    /home/alejandro/.m2/repository/org/springframework/ws/spring-ws-core/2.2.1.RELEASE/spring-ws-core-2.2.1.RELEASE.jar
7f22b3dc2000-7f22b3dc5000 r--s 00012000 08:06 7212366                    /home/alejandro/.m2/repository/org/springframework/spring-oxm/4.1.6.RELEASE/spring-oxm-4.1.6.RELEASE.jar
7f22b3dc5000-7f22b3dcb000 r--s 0003c000 08:06 7212364                    /home/alejandro/.m2/repository/org/springframework/spring-jms/4.1.6.RELEASE/spring-jms-4.1.6.RELEASE.jar
7f22b3dcb000-7f22b3dcc000 r--s 00000000 08:06 7212362                    /home/alejandro/.m2/repository/org/springframework/boot/spring-boot-starter-ws/1.2.3.RELEASE/spring-boot-starter-ws-1.2.3.RELEASE.jar
7f22b3dcc000-7f22b3dd4000 r--s 00057000 08:06 7212360                    /home/alejandro/.m2/repository/org/springframework/spring-websocket/4.1.6.RELEASE/spring-websocket-4.1.6.RELEASE.jar
7f22b3dd4000-7f22b3ddb000 r--s 0003f000 08:06 7212358                    /home/alejandro/.m2/repository/org/springframework/spring-messaging/4.1.6.RELEASE/spring-messaging-4.1.6.RELEASE.jar
7f22b3ddb000-7f22b3de0000 r--s 0003b000 08:06 7212354                    /home/alejandro/.m2/repository/org/springframework/spring-expression/4.1.6.RELEASE/spring-expression-4.1.6.RELEASE.jar
7f22b3de0000-7f22b3def000 r--s 000b0000 08:06 7212352                    /home/alejandro/.m2/repository/org/springframework/spring-webmvc/4.1.6.RELEASE/spring-webmvc-4.1.6.RELEASE.jar
7f22b3def000-7f22b3dff000 r--s 000a0000 08:06 7212350                    /home/alejandro/.m2/repository/org/springframework/spring-web/4.1.6.RELEASE/spring-web-4.1.6.RELEASE.jar
7f22b3dff000-7f22b3e03000 r--s 0000c000 08:06 7212348                    /home/alejandro/.m2/repository/javax/validation/validation-api/1.1.0.Final/validation-api-1.1.0.Final.jar
7f22b3e03000-7f22b3e11000 r--s 0008d000 08:06 7212346                    /home/alejandro/.m2/repository/org/hibernate/hibernate-validator/5.1.3.Final/hibernate-validator-5.1.3.Final.jar
7f22b3e11000-7f22b3e15000 r--s 00034000 08:06 7212344                    /home/alejandro/.m2/repository/com/fasterxml/jackson/core/jackson-core/2.4.5/jackson-core-2.4.5.jar
7f22b3e15000-7f22b3e18000 r--s 00007000 08:06 7212342                    /home/alejandro/.m2/repository/com/fasterxml/jackson/core/jackson-annotations/2.4.5/jackson-annotations-2.4.5.jar
7f22b3e18000-7f22b3e29000 r--s 000f6000 08:06 7212340                    /home/alejandro/.m2/repository/com/fasterxml/jackson/core/jackson-databind/2.4.5/jackson-databind-2.4.5.jar
7f22b3e29000-7f22b3e2b000 r--s 0000c000 08:06 7212336                    /home/alejandro/.m2/repository/org/springframework/spring-aspects/4.1.6.RELEASE/spring-aspects-4.1.6.RELEASE.jar
7f22b3e2b000-7f22b3e2d000 r--s 00003000 08:06 7212334                    /home/alejandro/.m2/repository/org/slf4j/jcl-over-slf4j/1.7.11/jcl-over-slf4j-1.7.11.jar
7f22b3e2d000-7f22b3e3a000 r--s 0006e000 08:06 7083444                    /home/alejandro/.m2/repository/org/springframework/data/spring-data-commons/1.9.2.RELEASE/spring-data-commons-1.9.2.RELEASE.jar
7f22b3e3a000-7f22b3e40000 r--s 00031000 08:06 6692418                    /home/alejandro/.m2/repository/org/springframework/data/spring-data-jpa/1.7.2.RELEASE/spring-data-jpa-1.7.2.RELEASE.jar
7f22b3e40000-7f22b3e48000 r--s 00054000 08:06 7212330                    /home/alejandro/.m2/repository/org/springframework/spring-orm/4.1.6.RELEASE/spring-orm-4.1.6.RELEASE.jar
7f22b3e48000-7f22b3e4a000 r--s 00006000 08:06 7212328                    /home/alejandro/.m2/repository/javax/transaction/javax.transaction-api/1.2/javax.transaction-api-1.2.jar
7f22b3e4a000-7f22b3e54000 r--s 000a5000 08:06 7212326                    /home/alejandro/.m2/repository/org/javassist/javassist/3.18.1-GA/javassist-3.18.1-GA.jar
7f22b3e54000-7f22b3e59000 r--s 00017000 08:06 7212324                    /home/alejandro/.m2/repository/org/hibernate/javax/persistence/hibernate-jpa-2.1-api/1.0.0.Final/hibernate-jpa-2.1-api-1.0.0.Final.jar
7f22b3e59000-7f22b3e5c000 r--s 00010000 08:06 7212322                    /home/alejandro/.m2/repository/org/hibernate/common/hibernate-commons-annotations/4.0.5.Final/hibernate-commons-annotations-4.0.5.Final.jar
7f22b3e5c000-7f22b3e61000 r--s 00016000 08:06 7212320                    /home/alejandro/.m2/repository/xml-apis/xml-apis/1.0.b2/xml-apis-1.0.b2.jar
7f22b3e61000-7f22b3e66000 r--s 00048000 08:06 7212318                    /home/alejandro/.m2/repository/dom4j/dom4j/1.6.1/dom4j-1.6.1.jar
7f22b3e66000-7f22b3e68000 r--s 00011000 08:06 7212316                    /home/alejandro/.m2/repository/org/jboss/jandex/1.1.0.Final/jandex-1.1.0.Final.jar
7f22b3e68000-7f22b3e6d000 r--s 00068000 08:06 7212314                    /home/alejandro/.m2/repository/antlr/antlr/2.7.7/antlr-2.7.7.jar
7f22b3e6d000-7f22b3ecb000 r--s 004aa000 08:06 7212312                    /home/alejandro/.m2/repository/org/hibernate/hibernate-core/4.3.8.Final/hibernate-core-4.3.8.Final.jar
7f22b3ecb000-7f22b3ecd000 r--s 0000c000 08:06 7212308                    /home/alejandro/.m2/repository/org/jboss/logging/jboss-logging/3.1.3.GA/jboss-logging-3.1.3.GA.jar
7f22b3ecd000-7f22b3edb000 r--s 00091000 08:06 7212306                    /home/alejandro/.m2/repository/org/hibernate/hibernate-entitymanager/4.3.8.Final/hibernate-entitymanager-4.3.8.Final.jar
7f22b3edb000-7f22b3edd000 r--s 00009000 08:06 7212304                    /home/alejandro/.m2/repository/org/apache/tomcat/tomcat-juli/8.0.20/tomcat-juli-8.0.20.jar
7f22b3edd000-7f22b3ee7000 r--s 0005f000 08:06 7212300                    /home/alejandro/.m2/repository/org/springframework/spring-jdbc/4.1.6.RELEASE/spring-jdbc-4.1.6.RELEASE.jar
7f22b3ee7000-7f22b3eff000 r--s 001af000 08:06 7212294                    /home/alejandro/.m2/repository/org/aspectj/aspectjweaver/1.8.5/aspectjweaver-1.8.5.jar
7f22b3eff000-7f22b3f00000 ---p 00000000 00:00 0 
7f22b3f00000-7f22b4000000 rw-p 00000000 00:00 0                          [stack:19854]
7f22b4000000-7f22b72d8000 rw-p 00000000 00:00 0 
7f22b72d8000-7f22b8000000 ---p 00000000 00:00 0 
7f22b8000000-7f22b9913000 rw-p 00000000 00:00 0 
7f22b9913000-7f22bc000000 ---p 00000000 00:00 0 
7f22bc000000-7f22bc021000 rw-p 00000000 00:00 0 
7f22bc021000-7f22c0000000 ---p 00000000 00:00 0 
7f22c0000000-7f22c3c52000 rw-p 00000000 00:00 0 
7f22c3c52000-7f22c4000000 ---p 00000000 00:00 0 
7f22c4000000-7f22c42d2000 rw-p 00000000 00:00 0 
7f22c42d2000-7f22c8000000 ---p 00000000 00:00 0 
7f22c8000000-7f22c8021000 rw-p 00000000 00:00 0 
7f22c8021000-7f22cc000000 ---p 00000000 00:00 0 
7f22cc000000-7f22cc021000 rw-p 00000000 00:00 0 
7f22cc021000-7f22d0000000 ---p 00000000 00:00 0 
7f22d0000000-7f22d0021000 rw-p 00000000 00:00 0 
7f22d0021000-7f22d4000000 ---p 00000000 00:00 0 
7f22d4000000-7f22d4093000 rw-p 00000000 00:00 0 
7f22d4093000-7f22d8000000 ---p 00000000 00:00 0 
7f22d8000000-7f22d8021000 rw-p 00000000 00:00 0 
7f22d8021000-7f22dc000000 ---p 00000000 00:00 0 
7f22dc000000-7f22dc021000 rw-p 00000000 00:00 0 
7f22dc021000-7f22e0000000 ---p 00000000 00:00 0 
7f22e0000000-7f22e0021000 rw-p 00000000 00:00 0 
7f22e0021000-7f22e4000000 ---p 00000000 00:00 0 
7f22e4000000-7f22e4021000 rw-p 00000000 00:00 0 
7f22e4021000-7f22e8000000 ---p 00000000 00:00 0 
7f22e8000000-7f22e8001000 r--s 00000000 08:06 7212356                    /home/alejandro/.m2/repository/org/springframework/boot/spring-boot-starter-websocket/1.2.3.RELEASE/spring-boot-starter-websocket-1.2.3.RELEASE.jar
7f22e8001000-7f22e8016000 r--s 000e2000 08:06 7212290                    /home/alejandro/.m2/repository/org/springframework/spring-core/4.1.6.RELEASE/spring-core-4.1.6.RELEASE.jar
7f22e8016000-7f22e8023000 r--s 000a0000 08:06 7212288                    /home/alejandro/.m2/repository/org/springframework/spring-beans/4.1.6.RELEASE/spring-beans-4.1.6.RELEASE.jar
7f22e8023000-7f22e802c000 r--s 0004f000 08:06 7212284                    /home/alejandro/.m2/repository/org/springframework/spring-aop/4.1.6.RELEASE/spring-aop-4.1.6.RELEASE.jar
7f22e802c000-7f22e8033000 r--s 0003d000 08:06 7212282                    /home/alejandro/.m2/repository/org/yaml/snakeyaml/1.14/snakeyaml-1.14.jar
7f22e8033000-7f22e803e000 r--s 00065000 08:06 7212280                    /home/alejandro/.m2/repository/ch/qos/logback/logback-core/1.1.3/logback-core-1.1.3.jar
7f22e803e000-7f22e8041000 ---p 00000000 00:00 0 
7f22e8041000-7f22e813f000 rw-p 00000000 00:00 0                          [stack:19853]
7f22e813f000-7f22e8142000 ---p 00000000 00:00 0 
7f22e8142000-7f22ec000000 rw-p 00000000 00:00 0                          [stack:19852]
7f22ec000000-7f22ec021000 rw-p 00000000 00:00 0 
7f22ec021000-7f22f0000000 ---p 00000000 00:00 0 
7f22f0000000-7f22f0001000 r--s 00000000 08:06 7212338                    /home/alejandro/.m2/repository/org/springframework/boot/spring-boot-starter-web/1.2.3.RELEASE/spring-boot-starter-web-1.2.3.RELEASE.jar
7f22f0001000-7f22f0003000 r--s 0001f000 08:06 7212302                    /home/alejandro/.m2/repository/org/apache/tomcat/tomcat-jdbc/8.0.20/tomcat-jdbc-8.0.20.jar
7f22f0003000-7f22f0006000 ---p 00000000 00:00 0 
7f22f0006000-7f22f0104000 rw-p 00000000 00:00 0                          [stack:19851]
7f22f0104000-7f22f0107000 ---p 00000000 00:00 0 
7f22f0107000-7f22f0205000 rw-p 00000000 00:00 0                          [stack:19850]
7f22f0205000-7f22f0208000 ---p 00000000 00:00 0 
7f22f0208000-7f22f0306000 rw-p 00000000 00:00 0                          [stack:19846]
7f22f0306000-7f22f0309000 ---p 00000000 00:00 0 
7f22f0309000-7f22f0407000 rw-p 00000000 00:00 0                          [stack:19845]
7f22f0407000-7f22f040a000 ---p 00000000 00:00 0 
7f22f040a000-7f22f0508000 rw-p 00000000 00:00 0                          [stack:19844]
7f22f0508000-7f22f050c000 r-xp 00000000 08:06 1451861                    /usr/lib/jvm/java-8-oracle/jre/lib/amd64/libdt_socket.so
7f22f050c000-7f22f070b000 ---p 00004000 08:06 1451861                    /usr/lib/jvm/java-8-oracle/jre/lib/amd64/libdt_socket.so
7f22f070b000-7f22f070c000 rw-p 00003000 08:06 1451861                    /usr/lib/jvm/java-8-oracle/jre/lib/amd64/libdt_socket.so
7f22f070c000-7f22f070f000 ---p 00000000 00:00 0 
7f22f070f000-7f22f080d000 rw-p 00000000 00:00 0                          [stack:19841]
7f22f080d000-7f22f0810000 ---p 00000000 00:00 0 
7f22f0810000-7f22f090e000 rw-p 00000000 00:00 0                          [stack:19839]
7f22f090e000-7f22f0911000 ---p 00000000 00:00 0 
7f22f0911000-7f22f0a0f000 rw-p 00000000 00:00 0                          [stack:19838]
7f22f0a0f000-7f22f0a10000 ---p 00000000 00:00 0 
7f22f0a10000-7f22f1af2000 rw-p 00000000 00:00 0                          [stack:19837]
7f22f1af2000-7f22f1cca000 r--s 03d1d000 08:06 1452146                    /usr/lib/jvm/java-8-oracle/jre/lib/rt.jar
7f22f1cca000-7f22f291c000 rw-p 00000000 00:00 0 
7f22f291c000-7f22f291d000 ---p 00000000 00:00 0 
7f22f291d000-7f22f2a1d000 rw-p 00000000 00:00 0                          [stack:19836]
7f22f2a1d000-7f22f2a1e000 ---p 00000000 00:00 0 
7f22f2a1e000-7f22f2b1e000 rw-p 00000000 00:00 0                          [stack:19835]
7f22f2b1e000-7f22f2b1f000 ---p 00000000 00:00 0 
7f22f2b1f000-7f22f2c69000 rw-p 00000000 00:00 0                          [stack:19834]
7f22f2c69000-7f22f2eb2000 ---p 00000000 00:00 0 
7f22f2eb2000-7f22f2efc000 rw-p 00000000 00:00 0 
7f22f2efc000-7f22f3144000 ---p 00000000 00:00 0 
7f22f3144000-7f22f328c000 rw-p 00000000 00:00 0 
7f22f328c000-7f22f328e000 ---p 00000000 00:00 0 
7f22f328e000-7f22f32fc000 rw-p 00000000 00:00 0 
7f22f32fc000-7f22f364f000 ---p 00000000 00:00 0 
7f22f364f000-7f22f515f000 rwxp 00000000 00:00 0 
7f22f515f000-7f230264f000 ---p 00000000 00:00 0 
7f230264f000-7f2302669000 r-xp 00000000 08:06 1451869                    /usr/lib/jvm/java-8-oracle/jre/lib/amd64/libzip.so
7f2302669000-7f2302869000 ---p 0001a000 08:06 1451869                    /usr/lib/jvm/java-8-oracle/jre/lib/amd64/libzip.so
7f2302869000-7f230286a000 rw-p 0001a000 08:06 1451869                    /usr/lib/jvm/java-8-oracle/jre/lib/amd64/libzip.so
7f230286a000-7f2302875000 r-xp 00000000 08:06 8132672                    /lib/x86_64-linux-gnu/libnss_files-2.19.so
7f2302875000-7f2302a74000 ---p 0000b000 08:06 8132672                    /lib/x86_64-linux-gnu/libnss_files-2.19.so
7f2302a74000-7f2302a75000 r--p 0000a000 08:06 8132672                    /lib/x86_64-linux-gnu/libnss_files-2.19.so
7f2302a75000-7f2302a76000 rw-p 0000b000 08:06 8132672                    /lib/x86_64-linux-gnu/libnss_files-2.19.so
7f2302a76000-7f2302a81000 r-xp 00000000 08:06 8132664                    /lib/x86_64-linux-gnu/libnss_nis-2.19.so
7f2302a81000-7f2302c80000 ---p 0000b000 08:06 8132664                    /lib/x86_64-linux-gnu/libnss_nis-2.19.so
7f2302c80000-7f2302c81000 r--p 0000a000 08:06 8132664                    /lib/x86_64-linux-gnu/libnss_nis-2.19.so
7f2302c81000-7f2302c82000 rw-p 0000b000 08:06 8132664                    /lib/x86_64-linux-gnu/libnss_nis-2.19.so
7f2302c82000-7f2302c99000 r-xp 00000000 08:06 8132660                    /lib/x86_64-linux-gnu/libnsl-2.19.so
7f2302c99000-7f2302e98000 ---p 00017000 08:06 8132660                    /lib/x86_64-linux-gnu/libnsl-2.19.so
7f2302e98000-7f2302e99000 r--p 00016000 08:06 8132660                    /lib/x86_64-linux-gnu/libnsl-2.19.so
7f2302e99000-7f2302e9a000 rw-p 00017000 08:06 8132660                    /lib/x86_64-linux-gnu/libnsl-2.19.so
7f2302e9a000-7f2302e9c000 rw-p 00000000 00:00 0 
7f2302e9c000-7f2302ea5000 r-xp 00000000 08:06 8132659                    /lib/x86_64-linux-gnu/libnss_compat-2.19.so
7f2302ea5000-7f23030a4000 ---p 00009000 08:06 8132659                    /lib/x86_64-linux-gnu/libnss_compat-2.19.so
7f23030a4000-7f23030a5000 r--p 00008000 08:06 8132659                    /lib/x86_64-linux-gnu/libnss_compat-2.19.so
7f23030a5000-7f23030a6000 rw-p 00009000 08:06 8132659                    /lib/x86_64-linux-gnu/libnss_compat-2.19.so
7f23030a6000-7f2303788000 r--p 00000000 08:06 1317826                    /usr/lib/locale/locale-archive
7f2303788000-7f230378a000 r-xp 00000000 08:06 1451898                    /usr/lib/jvm/java-8-oracle/jre/lib/amd64/libnpt.so
7f230378a000-7f230398a000 ---p 00002000 08:06 1451898                    /usr/lib/jvm/java-8-oracle/jre/lib/amd64/libnpt.so
7f230398a000-7f230398b000 rw-p 00002000 08:06 1451898                    /usr/lib/jvm/java-8-oracle/jre/lib/amd64/libnpt.so
7f230398b000-7f23039c4000 r-xp 00000000 08:06 1451919                    /usr/lib/jvm/java-8-oracle/jre/lib/amd64/libjdwp.so
7f23039c4000-7f2303bc3000 ---p 00039000 08:06 1451919                    /usr/lib/jvm/java-8-oracle/jre/lib/amd64/libjdwp.so
7f2303bc3000-7f2303bc5000 rw-p 00038000 08:06 1451919                    /usr/lib/jvm/java-8-oracle/jre/lib/amd64/libjdwp.so
7f2303bc5000-7f2303bef000 r-xp 00000000 08:06 1451863                    /usr/lib/jvm/java-8-oracle/jre/lib/amd64/libjava.so
7f2303bef000-7f2303def000 ---p 0002a000 08:06 1451863                    /usr/lib/jvm/java-8-oracle/jre/lib/amd64/libjava.so
7f2303def000-7f2303df1000 rw-p 0002a000 08:06 1451863                    /usr/lib/jvm/java-8-oracle/jre/lib/amd64/libjava.so
7f2303df1000-7f2303dfe000 r-xp 00000000 08:06 1451885                    /usr/lib/jvm/java-8-oracle/jre/lib/amd64/libverify.so
7f2303dfe000-7f2303ffe000 ---p 0000d000 08:06 1451885                    /usr/lib/jvm/java-8-oracle/jre/lib/amd64/libverify.so
7f2303ffe000-7f2304000000 rw-p 0000d000 08:06 1451885                    /usr/lib/jvm/java-8-oracle/jre/lib/amd64/libverify.so
7f2304000000-7f2306380000 rw-p 00000000 00:00 0 
7f2306380000-7f2308000000 ---p 00000000 00:00 0 
7f2308000000-7f2308001000 r--s 00002000 08:06 7212310                    /home/alejandro/.m2/repository/org/jboss/logging/jboss-logging-annotations/1.2.0.Beta1/jboss-logging-annotations-1.2.0.Beta1.jar
7f2308001000-7f2308002000 r--s 00000000 08:06 7212298                    /home/alejandro/.m2/repository/org/springframework/boot/spring-boot-starter-jdbc/1.2.3.RELEASE/spring-boot-starter-jdbc-1.2.3.RELEASE.jar
7f2308002000-7f2308006000 r--s 00019000 08:06 7212292                    /home/alejandro/.m2/repository/org/aspectj/aspectjrt/1.8.5/aspectjrt-1.8.5.jar
7f2308006000-7f230800c000 r--s 0003f000 08:06 7212278                    /home/alejandro/.m2/repository/ch/qos/logback/logback-classic/1.1.3/logback-classic-1.1.3.jar
7f230800c000-7f230800d000 ---p 00000000 00:00 0 
7f230800d000-7f230810d000 rw-p 00000000 00:00 0                          [stack:19833]
7f230810d000-7f2308114000 r-xp 00000000 08:06 8132668                    /lib/x86_64-linux-gnu/librt-2.19.so
7f2308114000-7f2308313000 ---p 00007000 08:06 8132668                    /lib/x86_64-linux-gnu/librt-2.19.so
7f2308313000-7f2308314000 r--p 00006000 08:06 8132668                    /lib/x86_64-linux-gnu/librt-2.19.so
7f2308314000-7f2308315000 rw-p 00007000 08:06 8132668                    /lib/x86_64-linux-gnu/librt-2.19.so
7f2308315000-7f230841a000 r-xp 00000000 08:06 8132654                    /lib/x86_64-linux-gnu/libm-2.19.so
7f230841a000-7f2308619000 ---p 00105000 08:06 8132654                    /lib/x86_64-linux-gnu/libm-2.19.so
7f2308619000-7f230861a000 r--p 00104000 08:06 8132654                    /lib/x86_64-linux-gnu/libm-2.19.so
7f230861a000-7f230861b000 rw-p 00105000 08:06 8132654                    /lib/x86_64-linux-gnu/libm-2.19.so
7f230861b000-7f23092da000 r-xp 00000000 08:06 1451873                    /usr/lib/jvm/java-8-oracle/jre/lib/amd64/server/libjvm.so
7f23092da000-7f23094d9000 ---p 00cbf000 08:06 1451873                    /usr/lib/jvm/java-8-oracle/jre/lib/amd64/server/libjvm.so
7f23094d9000-7f23095b2000 rw-p 00cbe000 08:06 1451873                    /usr/lib/jvm/java-8-oracle/jre/lib/amd64/server/libjvm.so
7f23095b2000-7f23095fb000 rw-p 00000000 00:00 0 
7f23095fb000-7f23097b6000 r-xp 00000000 08:06 8132669                    /lib/x86_64-linux-gnu/libc-2.19.so
7f23097b6000-7f23099b5000 ---p 001bb000 08:06 8132669                    /lib/x86_64-linux-gnu/libc-2.19.so
7f23099b5000-7f23099b9000 r--p 001ba000 08:06 8132669                    /lib/x86_64-linux-gnu/libc-2.19.so
7f23099b9000-7f23099bb000 rw-p 001be000 08:06 8132669                    /lib/x86_64-linux-gnu/libc-2.19.so
7f23099bb000-7f23099c0000 rw-p 00000000 00:00 0 
7f23099c0000-7f23099c3000 r-xp 00000000 08:06 8132656                    /lib/x86_64-linux-gnu/libdl-2.19.so
7f23099c3000-7f2309bc2000 ---p 00003000 08:06 8132656                    /lib/x86_64-linux-gnu/libdl-2.19.so
7f2309bc2000-7f2309bc3000 r--p 00002000 08:06 8132656                    /lib/x86_64-linux-gnu/libdl-2.19.so
7f2309bc3000-7f2309bc4000 rw-p 00003000 08:06 8132656                    /lib/x86_64-linux-gnu/libdl-2.19.so
7f2309bc4000-7f2309bd9000 r-xp 00000000 08:06 1451270                    /usr/lib/jvm/java-8-oracle/lib/amd64/jli/libjli.so
7f2309bd9000-7f2309dd9000 ---p 00015000 08:06 1451270                    /usr/lib/jvm/java-8-oracle/lib/amd64/jli/libjli.so
7f2309dd9000-7f2309dda000 rw-p 00015000 08:06 1451270                    /usr/lib/jvm/java-8-oracle/lib/amd64/jli/libjli.so
7f2309dda000-7f2309df3000 r-xp 00000000 08:06 8132661                    /lib/x86_64-linux-gnu/libpthread-2.19.so
7f2309df3000-7f2309ff2000 ---p 00019000 08:06 8132661                    /lib/x86_64-linux-gnu/libpthread-2.19.so
7f2309ff2000-7f2309ff3000 r--p 00018000 08:06 8132661                    /lib/x86_64-linux-gnu/libpthread-2.19.so
7f2309ff3000-7f2309ff4000 rw-p 00019000 08:06 8132661                    /lib/x86_64-linux-gnu/libpthread-2.19.so
7f2309ff4000-7f2309ff8000 rw-p 00000000 00:00 0 
7f2309ff8000-7f230a01b000 r-xp 00000000 08:06 8132662                    /lib/x86_64-linux-gnu/ld-2.19.so
7f230a01b000-7f230a01c000 r--s 00000000 08:06 7212296                    /home/alejandro/.m2/repository/org/springframework/boot/spring-boot-starter-data-jpa/1.2.3.RELEASE/spring-boot-starter-data-jpa-1.2.3.RELEASE.jar
7f230a01c000-7f230a01e000 r--s 00000000 08:06 7212286                    /home/alejandro/.m2/repository/aopalliance/aopalliance/1.0/aopalliance-1.0.jar
7f230a01e000-7f230a01f000 r--s 00005000 08:06 7212276                    /home/alejandro/.m2/repository/org/slf4j/log4j-over-slf4j/1.7.11/log4j-over-slf4j-1.7.11.jar
7f230a01f000-7f230a02f000 r--s 0006b000 08:06 7212270                    /home/alejandro/.m2/repository/org/springframework/boot/spring-boot-autoconfigure/1.2.3.RELEASE/spring-boot-autoconfigure-1.2.3.RELEASE.jar
7f230a02f000-7f230a0fa000 rw-p 00000000 00:00 0 
7f230a0fa000-7f230a0fd000 ---p 00000000 00:00 0 
7f230a0fd000-7f230a1ff000 rw-p 00000000 00:00 0                          [stack:19831]
7f230a1ff000-7f230a201000 r--s 00000000 08:06 7212274                    /home/alejandro/.m2/repository/org/slf4j/jul-to-slf4j/1.7.11/jul-to-slf4j-1.7.11.jar
7f230a201000-7f230a202000 r--s 00000000 08:06 7212272                    /home/alejandro/.m2/repository/org/springframework/boot/spring-boot-starter-logging/1.2.3.RELEASE/spring-boot-starter-logging-1.2.3.RELEASE.jar
7f230a202000-7f230a20c000 r--s 0005e000 08:06 7212268                    /home/alejandro/.m2/repository/org/springframework/boot/spring-boot/1.2.3.RELEASE/spring-boot-1.2.3.RELEASE.jar
7f230a20c000-7f230a20d000 r--s 00000000 08:06 7212266                    /home/alejandro/.m2/repository/org/springframework/boot/spring-boot-starter/1.2.3.RELEASE/spring-boot-starter-1.2.3.RELEASE.jar
7f230a20d000-7f230a20e000 r--s 00000000 08:06 7212264                    /home/alejandro/.m2/repository/org/springframework/boot/spring-boot-starter-aop/1.2.3.RELEASE/spring-boot-starter-aop-1.2.3.RELEASE.jar
7f230a20e000-7f230a216000 rw-s 00000000 08:06 6557914                    /tmp/hsperfdata_alejandro/19826
7f230a216000-7f230a217000 rw-p 00000000 00:00 0 
7f230a217000-7f230a218000 r--p 00000000 00:00 0 
7f230a218000-7f230a21a000 rw-p 00000000 00:00 0 
7f230a21a000-7f230a21b000 r--p 00022000 08:06 8132662                    /lib/x86_64-linux-gnu/ld-2.19.so
7f230a21b000-7f230a21c000 rw-p 00023000 08:06 8132662                    /lib/x86_64-linux-gnu/ld-2.19.so
7f230a21c000-7f230a21d000 rw-p 00000000 00:00 0 
7ffc64580000-7ffc645a5000 rw-p 00000000 00:00 0                          [stack]
7ffc645a9000-7ffc645ab000 r--p 00000000 00:00 0                          [vvar]
7ffc645ab000-7ffc645ad000 r-xp 00000000 00:00 0                          [vdso]
ffffffffff600000-ffffffffff601000 r-xp 00000000 00:00 0                  [vsyscall]

VM Arguments:
jvm_args: -agentlib:jdwp=transport=dt_socket,suspend=y,address=localhost:36718 -Dfile.encoding=UTF-8 
java_command: com.cenfotec.dondeEs.App
java_class_path (initial): /home/alejandro/GIT/Softlutions/dondeEs/target/classes:/home/alejandro/.m2/repository/org/springframework/boot/spring-boot-starter-aop/1.2.3.RELEASE/spring-boot-starter-aop-1.2.3.RELEASE.jar:/home/alejandro/.m2/repository/org/springframework/boot/spring-boot-starter/1.2.3.RELEASE/spring-boot-starter-1.2.3.RELEASE.jar:/home/alejandro/.m2/repository/org/springframework/boot/spring-boot/1.2.3.RELEASE/spring-boot-1.2.3.RELEASE.jar:/home/alejandro/.m2/repository/org/springframework/boot/spring-boot-autoconfigure/1.2.3.RELEASE/spring-boot-autoconfigure-1.2.3.RELEASE.jar:/home/alejandro/.m2/repository/org/springframework/boot/spring-boot-starter-logging/1.2.3.RELEASE/spring-boot-starter-logging-1.2.3.RELEASE.jar:/home/alejandro/.m2/repository/org/slf4j/jul-to-slf4j/1.7.11/jul-to-slf4j-1.7.11.jar:/home/alejandro/.m2/repository/org/slf4j/log4j-over-slf4j/1.7.11/log4j-over-slf4j-1.7.11.jar:/home/alejandro/.m2/repository/ch/qos/logback/logback-classic/1.1.3/logback-classic-1.1.3.jar:/home/alejandro/.m2/repository/ch/qos/logback/logback-core/1.1.3/logback-core-1.1.3.jar:/home/alejandro/.m2/repository/org/yaml/snakeyaml/1.14/snakeyaml-1.14.jar:/home/alejandro/.m2/repository/org/springframework/spring-aop/4.1.6.RELEASE/spring-aop-4.1.6.RELEASE.jar:/home/alejandro/.m2/repository/aopalliance/aopalliance/1.0/aopalliance-1.0.jar:/home/alejandro/.m2/repository/org/springframework/spring-beans/4.1.6.RELEASE/spring-beans-4.1.6.RELEASE.jar:/home/alejandro/.m2/repository/org/springframework/spring-core/4.1.6.RELEASE/spring-core-4.1.6.RELEASE.jar:/home/alejandro/.m2/repository/org/aspectj/aspectjrt/1.8.5/aspectjrt-1.8.5.jar:/home/alejandro/.m2/repository/org/aspectj/aspectjweaver/1.8.5/aspectjweaver-1.8.5.jar:/home/alejandro/.m2/repository/org/springframework/boot/spring-boot-starter-data-jpa/1.2.3.RELEASE/spring-boot-starter-data-jpa-1.2.3.RELEASE.jar:/home/alejandro/.m2/repository/org/springframework/boot/spring-boot-starter-jdbc/1.2.3.RELEASE/spring-boot-sta
Launcher Type: SUN_STANDARD

Environment Variables:
PATH=/home/alejandro/.rvm/gems/ruby-2.2.1/bin:/home/alejandro/.rvm/gems/ruby-2.2.1@global/bin:/home/alejandro/.rvm/rubies/ruby-2.2.1/bin:/usr/local/sbin:/usr/local/bin:/usr/sbin:/usr/bin:/sbin:/bin:/usr/games:/usr/local/games:/home/alejandro/.rvm/bin
SHELL=/bin/bash
DISPLAY=:0

Signal Handlers:
SIGSEGV: [libjvm.so+0xabb070], sa_mask[0]=11111111011111111101111111111110, sa_flags=SA_RESTART|SA_SIGINFO
SIGBUS: [libjvm.so+0xabb070], sa_mask[0]=11111111011111111101111111111110, sa_flags=SA_RESTART|SA_SIGINFO
SIGFPE: [libjvm.so+0x918480], sa_mask[0]=11111111011111111101111111111110, sa_flags=SA_RESTART|SA_SIGINFO
SIGPIPE: [libjvm.so+0x918480], sa_mask[0]=11111111011111111101111111111110, sa_flags=SA_RESTART|SA_SIGINFO
SIGXFSZ: [libjvm.so+0x918480], sa_mask[0]=11111111011111111101111111111110, sa_flags=SA_RESTART|SA_SIGINFO
SIGILL: [libjvm.so+0x918480], sa_mask[0]=11111111011111111101111111111110, sa_flags=SA_RESTART|SA_SIGINFO
SIGUSR1: SIG_DFL, sa_mask[0]=00000000000000000000000000000000, sa_flags=none
SIGUSR2: [libjvm.so+0x919ab0], sa_mask[0]=00100000000000000000000000000000, sa_flags=SA_RESTART|SA_SIGINFO
SIGHUP: [libjvm.so+0x91aeb0], sa_mask[0]=11111111011111111101111111111110, sa_flags=SA_RESTART|SA_SIGINFO
SIGINT: [libjvm.so+0x91aeb0], sa_mask[0]=11111111011111111101111111111110, sa_flags=SA_RESTART|SA_SIGINFO
SIGTERM: [libjvm.so+0x91aeb0], sa_mask[0]=11111111011111111101111111111110, sa_flags=SA_RESTART|SA_SIGINFO
SIGQUIT: [libjvm.so+0x91aeb0], sa_mask[0]=11111111011111111101111111111110, sa_flags=SA_RESTART|SA_SIGINFO


---------------  S Y S T E M  ---------------

OS:DISTRIB_ID=Ubuntu
DISTRIB_RELEASE=14.04
DISTRIB_CODENAME=trusty
DISTRIB_DESCRIPTION="Ubuntu 14.04.4 LTS"

uname:Linux 3.19.0-32-generic #37~14.04.1-Ubuntu SMP Thu Oct 22 09:41:40 UTC 2015 x86_64
libc:glibc 2.19 NPTL 2.19 
rlimit: STACK 8192k, CORE 0k, NPROC 31208, NOFILE 4096, AS infinity
load average:0,61 0,60 0,67

/proc/meminfo:
MemTotal:        8085964 kB
MemFree:          358312 kB
MemAvailable:    1636568 kB
Buffers:          241432 kB
Cached:          1638084 kB
SwapCached:         2920 kB
Active:          5474372 kB
Inactive:        1919188 kB
Active(anon):    4718392 kB
Inactive(anon):  1317940 kB
Active(file):     755980 kB
Inactive(file):   601248 kB
Unevictable:         124 kB
Mlocked:             124 kB
SwapTotal:       8297468 kB
SwapFree:        8210140 kB
Dirty:               196 kB
Writeback:             0 kB
AnonPages:       5511264 kB
Mapped:           428392 kB
Shmem:            522276 kB
Slab:             213692 kB
SReclaimable:     174432 kB
SUnreclaim:        39260 kB
KernelStack:       11632 kB
PageTables:        44344 kB
NFS_Unstable:          0 kB
Bounce:                0 kB
WritebackTmp:          0 kB
CommitLimit:    12340448 kB
Committed_AS:   10256320 kB
VmallocTotal:   34359738367 kB
VmallocUsed:      366196 kB
VmallocChunk:   34359335804 kB
HardwareCorrupted:     0 kB
AnonHugePages:   2844672 kB
CmaTotal:              0 kB
CmaFree:               0 kB
HugePages_Total:       0
HugePages_Free:        0
HugePages_Rsvd:        0
HugePages_Surp:        0
Hugepagesize:       2048 kB
DirectMap4k:      200760 kB
DirectMap2M:     8097792 kB
DirectMap1G:     1048576 kB


CPU:total 4 (2 cores per cpu, 2 threads per core) family 6 model 61 stepping 4, cmov, cx8, fxsr, mmx, sse, sse2, sse3, ssse3, sse4.1, sse4.2, popcnt, avx, avx2, aes, clmul, erms, 3dnowpref, lzcnt, ht, tsc, tscinvbit, bmi1, bmi2, adx

/proc/cpuinfo:
processor	: 0
vendor_id	: GenuineIntel
cpu family	: 6
model		: 61
model name	: Intel(R) Core(TM) i7-5500U CPU @ 2.40GHz
stepping	: 4
microcode	: 0x18
cpu MHz		: 2904.937
cache size	: 4096 KB
physical id	: 0
siblings	: 4
core id		: 0
cpu cores	: 2
apicid		: 0
initial apicid	: 0
fpu		: yes
fpu_exception	: yes
cpuid level	: 20
wp		: yes
flags		: fpu vme de pse tsc msr pae mce cx8 apic sep mtrr pge mca cmov pat pse36 clflush dts acpi mmx fxsr sse sse2 ss ht tm pbe syscall nx pdpe1gb rdtscp lm constant_tsc arch_perfmon pebs bts rep_good nopl xtopology nonstop_tsc aperfmperf eagerfpu pni pclmulqdq dtes64 monitor ds_cpl vmx est tm2 ssse3 fma cx16 xtpr pdcm pcid sse4_1 sse4_2 x2apic movbe popcnt tsc_deadline_timer aes xsave avx f16c rdrand lahf_lm abm 3dnowprefetch ida arat epb pln pts dtherm tpr_shadow vnmi flexpriority ept vpid fsgsbase tsc_adjust bmi1 avx2 smep bmi2 erms invpcid rdseed adx smap xsaveopt
bugs		:
bogomips	: 4788.77
clflush size	: 64
cache_alignment	: 64
address sizes	: 39 bits physical, 48 bits virtual
power management:

processor	: 1
vendor_id	: GenuineIntel
cpu family	: 6
model		: 61
model name	: Intel(R) Core(TM) i7-5500U CPU @ 2.40GHz
stepping	: 4
microcode	: 0x18
cpu MHz		: 2909.156
cache size	: 4096 KB
physical id	: 0
siblings	: 4
core id		: 1
cpu cores	: 2
apicid		: 2
initial apicid	: 2
fpu		: yes
fpu_exception	: yes
cpuid level	: 20
wp		: yes
flags		: fpu vme de pse tsc msr pae mce cx8 apic sep mtrr pge mca cmov pat pse36 clflush dts acpi mmx fxsr sse sse2 ss ht tm pbe syscall nx pdpe1gb rdtscp lm constant_tsc arch_perfmon pebs bts rep_good nopl xtopology nonstop_tsc aperfmperf eagerfpu pni pclmulqdq dtes64 monitor ds_cpl vmx est tm2 ssse3 fma cx16 xtpr pdcm pcid sse4_1 sse4_2 x2apic movbe popcnt tsc_deadline_timer aes xsave avx f16c rdrand lahf_lm abm 3dnowprefetch ida arat epb pln pts dtherm tpr_shadow vnmi flexpriority ept vpid fsgsbase tsc_adjust bmi1 avx2 smep bmi2 erms invpcid rdseed adx smap xsaveopt
bugs		:
bogomips	: 4788.77
clflush size	: 64
cache_alignment	: 64
address sizes	: 39 bits physical, 48 bits virtual
power management:

processor	: 2
vendor_id	: GenuineIntel
cpu family	: 6
model		: 61
model name	: Intel(R) Core(TM) i7-5500U CPU @ 2.40GHz
stepping	: 4
microcode	: 0x18
cpu MHz		: 2945.625
cache size	: 4096 KB
physical id	: 0
siblings	: 4
core id		: 0
cpu cores	: 2
apicid		: 1
initial apicid	: 1
fpu		: yes
fpu_exception	: yes
cpuid level	: 20
wp		: yes
flags		: fpu vme de pse tsc msr pae mce cx8 apic sep mtrr pge mca cmov pat pse36 clflush dts acpi mmx fxsr sse sse2 ss ht tm pbe syscall nx pdpe1gb rdtscp lm constant_tsc arch_perfmon pebs bts rep_good nopl xtopology nonstop_tsc aperfmperf eagerfpu pni pclmulqdq dtes64 monitor ds_cpl vmx est tm2 ssse3 fma cx16 xtpr pdcm pcid sse4_1 sse4_2 x2apic movbe popcnt tsc_deadline_timer aes xsave avx f16c rdrand lahf_lm abm 3dnowprefetch ida arat epb pln pts dtherm tpr_shadow vnmi flexpriority ept vpid fsgsbase tsc_adjust bmi1 avx2 smep bmi2 erms invpcid rdseed adx smap xsaveopt
bugs		:
bogomips	: 4788.77
clflush size	: 64
cache_alignment	: 64
address sizes	: 39 bits physical, 48 bits virtual
power management:

processor	: 3
vendor_id	: GenuineIntel
cpu family	: 6
model		: 61
model name	: Intel(R) Core(TM) i7-5500U CPU @ 2.40GHz
stepping	: 4
microcode	: 0x18
cpu MHz		: 2878.406
cache size	: 4096 KB
physical id	: 0
siblings	: 4
core id		: 1
cpu cores	: 2
apicid		: 3
initial apicid	: 3
fpu		: yes
fpu_exception	: yes
cpuid level	: 20
wp		: yes
flags		: fpu vme de pse tsc msr pae mce cx8 apic sep mtrr pge mca cmov pat pse36 clflush dts acpi mmx fxsr sse sse2 ss ht tm pbe syscall nx pdpe1gb rdtscp lm constant_tsc arch_perfmon pebs bts rep_good nopl xtopology nonstop_tsc aperfmperf eagerfpu pni pclmulqdq dtes64 monitor ds_cpl vmx est tm2 ssse3 fma cx16 xtpr pdcm pcid sse4_1 sse4_2 x2apic movbe popcnt tsc_deadline_timer aes xsave avx f16c rdrand lahf_lm abm 3dnowprefetch ida arat epb pln pts dtherm tpr_shadow vnmi flexpriority ept vpid fsgsbase tsc_adjust bmi1 avx2 smep bmi2 erms invpcid rdseed adx smap xsaveopt
bugs		:
bogomips	: 4788.77
clflush size	: 64
cache_alignment	: 64
address sizes	: 39 bits physical, 48 bits virtual
power management:



Memory: 4k page, physical 8085964k(358312k free), swap 8297468k(8210140k free)

vm_info: Java HotSpot(TM) 64-Bit Server VM (25.74-b02) for linux-amd64 JRE (1.8.0_74-b02), built on Jan 29 2016 19:20:56 by "java_re" with gcc 4.3.0 20080428 (Red Hat 4.3.0-8)

time: Mon Mar 21 03:26:51 2016
elapsed time: 1449 seconds (0d 0h 24m 9s)

